2019-09-24T07:10:09+00:00 CRITICAL syntax error, unexpected end of file in /home/blsoftware/public_html/havefan/wp-content/themes/BLS_HaveFan_Theme/inc/ajax/custom-ajax.php on line 920

2019-09-24T09:56:07+00:00 CRITICAL syntax error, unexpected ')' in /home/blsoftware/public_html/havefan/wp-content/themes/BLS_HaveFan_Theme/inc/ajax/custom-ajax.php on line 1333

2019-09-24T09:56:09+00:00 CRITICAL syntax error, unexpected ')' in /home/blsoftware/public_html/havefan/wp-content/themes/BLS_HaveFan_Theme/inc/ajax/custom-ajax.php on line 1333

2019-09-24T09:56:17+00:00 CRITICAL syntax error, unexpected ')' in /home/blsoftware/public_html/havefan/wp-content/themes/BLS_HaveFan_Theme/inc/ajax/custom-ajax.php on line 1333

2019-09-24T09:56:18+00:00 CRITICAL syntax error, unexpected ')' in /home/blsoftware/public_html/havefan/wp-content/themes/BLS_HaveFan_Theme/inc/ajax/custom-ajax.php on line 1333

2019-09-24T09:56:21+00:00 CRITICAL syntax error, unexpected ')' in /home/blsoftware/public_html/havefan/wp-content/themes/BLS_HaveFan_Theme/inc/ajax/custom-ajax.php on line 1333

2019-09-24T09:56:30+00:00 CRITICAL syntax error, unexpected ')' in /home/blsoftware/public_html/havefan/wp-content/themes/BLS_HaveFan_Theme/inc/ajax/custom-ajax.php on line 1333

2019-09-24T09:56:35+00:00 CRITICAL syntax error, unexpected ')' in /home/blsoftware/public_html/havefan/wp-content/themes/BLS_HaveFan_Theme/inc/ajax/custom-ajax.php on line 1333

2019-09-24T09:56:52+00:00 CRITICAL syntax error, unexpected ')' in /home/blsoftware/public_html/havefan/wp-content/themes/BLS_HaveFan_Theme/inc/ajax/custom-ajax.php on line 1333

2019-09-24T09:57:02+00:00 CRITICAL syntax error, unexpected ')' in /home/blsoftware/public_html/havefan/wp-content/themes/BLS_HaveFan_Theme/inc/ajax/custom-ajax.php on line 1333

2019-09-24T09:57:06+00:00 CRITICAL syntax error, unexpected ')' in /home/blsoftware/public_html/havefan/wp-content/themes/BLS_HaveFan_Theme/inc/ajax/custom-ajax.php on line 1333

2019-09-24T09:57:15+00:00 CRITICAL syntax error, unexpected ')' in /home/blsoftware/public_html/havefan/wp-content/themes/BLS_HaveFan_Theme/inc/ajax/custom-ajax.php on line 1333

2019-09-24T09:57:18+00:00 CRITICAL syntax error, unexpected ')' in /home/blsoftware/public_html/havefan/wp-content/themes/BLS_HaveFan_Theme/inc/ajax/custom-ajax.php on line 1333

2019-09-24T09:57:20+00:00 CRITICAL syntax error, unexpected ')' in /home/blsoftware/public_html/havefan/wp-content/themes/BLS_HaveFan_Theme/inc/ajax/custom-ajax.php on line 1333

2019-09-24T09:57:29+00:00 CRITICAL syntax error, unexpected ')' in /home/blsoftware/public_html/havefan/wp-content/themes/BLS_HaveFan_Theme/inc/ajax/custom-ajax.php on line 1333

2019-09-24T09:57:37+00:00 CRITICAL syntax error, unexpected ')' in /home/blsoftware/public_html/havefan/wp-content/themes/BLS_HaveFan_Theme/inc/ajax/custom-ajax.php on line 1333

2019-09-24T09:57:47+00:00 CRITICAL syntax error, unexpected ')' in /home/blsoftware/public_html/havefan/wp-content/themes/BLS_HaveFan_Theme/inc/ajax/custom-ajax.php on line 1333

2019-09-24T09:57:47+00:00 CRITICAL syntax error, unexpected ')' in /home/blsoftware/public_html/havefan/wp-content/themes/BLS_HaveFan_Theme/inc/ajax/custom-ajax.php on line 1333

2019-09-24T09:57:51+00:00 CRITICAL syntax error, unexpected ')' in /home/blsoftware/public_html/havefan/wp-content/themes/BLS_HaveFan_Theme/inc/ajax/custom-ajax.php on line 1333

2019-09-24T09:58:05+00:00 CRITICAL syntax error, unexpected ')' in /home/blsoftware/public_html/havefan/wp-content/themes/BLS_HaveFan_Theme/inc/ajax/custom-ajax.php on line 1333

2019-09-24T09:58:10+00:00 CRITICAL syntax error, unexpected ')' in /home/blsoftware/public_html/havefan/wp-content/themes/BLS_HaveFan_Theme/inc/ajax/custom-ajax.php on line 1333

2019-09-24T09:58:17+00:00 CRITICAL syntax error, unexpected ')' in /home/blsoftware/public_html/havefan/wp-content/themes/BLS_HaveFan_Theme/inc/ajax/custom-ajax.php on line 1333

2019-09-24T09:58:22+00:00 CRITICAL syntax error, unexpected ')' in /home/blsoftware/public_html/havefan/wp-content/themes/BLS_HaveFan_Theme/inc/ajax/custom-ajax.php on line 1333

2019-09-24T09:58:28+00:00 CRITICAL syntax error, unexpected ')' in /home/blsoftware/public_html/havefan/wp-content/themes/BLS_HaveFan_Theme/inc/ajax/custom-ajax.php on line 1333

2019-09-24T09:58:32+00:00 CRITICAL syntax error, unexpected ')' in /home/blsoftware/public_html/havefan/wp-content/themes/BLS_HaveFan_Theme/inc/ajax/custom-ajax.php on line 1333

2019-09-24T09:58:36+00:00 CRITICAL syntax error, unexpected ')' in /home/blsoftware/public_html/havefan/wp-content/themes/BLS_HaveFan_Theme/inc/ajax/custom-ajax.php on line 1333

2019-09-24T09:58:50+00:00 CRITICAL syntax error, unexpected ')' in /home/blsoftware/public_html/havefan/wp-content/themes/BLS_HaveFan_Theme/inc/ajax/custom-ajax.php on line 1333

2019-09-24T09:59:07+00:00 CRITICAL syntax error, unexpected ')' in /home/blsoftware/public_html/havefan/wp-content/themes/BLS_HaveFan_Theme/inc/ajax/custom-ajax.php on line 1333

2019-09-24T09:59:15+00:00 CRITICAL syntax error, unexpected ')' in /home/blsoftware/public_html/havefan/wp-content/themes/BLS_HaveFan_Theme/inc/ajax/custom-ajax.php on line 1333

2019-09-24T09:59:17+00:00 CRITICAL syntax error, unexpected ')' in /home/blsoftware/public_html/havefan/wp-content/themes/BLS_HaveFan_Theme/inc/ajax/custom-ajax.php on line 1333

2019-09-24T09:59:17+00:00 CRITICAL syntax error, unexpected ')' in /home/blsoftware/public_html/havefan/wp-content/themes/BLS_HaveFan_Theme/inc/ajax/custom-ajax.php on line 1333

2019-09-24T09:59:21+00:00 CRITICAL syntax error, unexpected ')' in /home/blsoftware/public_html/havefan/wp-content/themes/BLS_HaveFan_Theme/inc/ajax/custom-ajax.php on line 1333

2019-09-24T09:59:27+00:00 CRITICAL syntax error, unexpected ')' in /home/blsoftware/public_html/havefan/wp-content/themes/BLS_HaveFan_Theme/inc/ajax/custom-ajax.php on line 1333

2019-09-24T09:59:35+00:00 CRITICAL syntax error, unexpected ')' in /home/blsoftware/public_html/havefan/wp-content/themes/BLS_HaveFan_Theme/inc/ajax/custom-ajax.php on line 1333

2019-09-24T09:59:52+00:00 CRITICAL syntax error, unexpected ')' in /home/blsoftware/public_html/havefan/wp-content/themes/BLS_HaveFan_Theme/inc/ajax/custom-ajax.php on line 1333

2019-09-24T10:00:02+00:00 CRITICAL syntax error, unexpected ')' in /home/blsoftware/public_html/havefan/wp-content/themes/BLS_HaveFan_Theme/inc/ajax/custom-ajax.php on line 1333

2019-09-24T10:00:06+00:00 CRITICAL syntax error, unexpected ')' in /home/blsoftware/public_html/havefan/wp-content/themes/BLS_HaveFan_Theme/inc/ajax/custom-ajax.php on line 1333

2019-09-24T10:00:10+00:00 CRITICAL syntax error, unexpected ')' in /home/blsoftware/public_html/havefan/wp-content/themes/BLS_HaveFan_Theme/inc/ajax/custom-ajax.php on line 1333

2019-09-24T10:00:16+00:00 CRITICAL syntax error, unexpected ')' in /home/blsoftware/public_html/havefan/wp-content/themes/BLS_HaveFan_Theme/inc/ajax/custom-ajax.php on line 1333

2019-09-24T10:00:20+00:00 CRITICAL syntax error, unexpected ')' in /home/blsoftware/public_html/havefan/wp-content/themes/BLS_HaveFan_Theme/inc/ajax/custom-ajax.php on line 1333

2019-09-24T10:00:26+00:00 CRITICAL syntax error, unexpected ')' in /home/blsoftware/public_html/havefan/wp-content/themes/BLS_HaveFan_Theme/inc/ajax/custom-ajax.php on line 1333

2019-09-24T10:00:36+00:00 CRITICAL syntax error, unexpected ')' in /home/blsoftware/public_html/havefan/wp-content/themes/BLS_HaveFan_Theme/inc/ajax/custom-ajax.php on line 1333

2019-09-24T10:00:38+00:00 CRITICAL syntax error, unexpected ')' in /home/blsoftware/public_html/havefan/wp-content/themes/BLS_HaveFan_Theme/inc/ajax/custom-ajax.php on line 1333

2019-09-24T10:00:47+00:00 CRITICAL syntax error, unexpected ')' in /home/blsoftware/public_html/havefan/wp-content/themes/BLS_HaveFan_Theme/inc/ajax/custom-ajax.php on line 1333

2019-09-24T10:00:51+00:00 CRITICAL syntax error, unexpected ')' in /home/blsoftware/public_html/havefan/wp-content/themes/BLS_HaveFan_Theme/inc/ajax/custom-ajax.php on line 1333

2019-09-24T10:01:05+00:00 CRITICAL syntax error, unexpected ')' in /home/blsoftware/public_html/havefan/wp-content/themes/BLS_HaveFan_Theme/inc/ajax/custom-ajax.php on line 1333

2019-09-24T10:01:15+00:00 CRITICAL syntax error, unexpected ')' in /home/blsoftware/public_html/havefan/wp-content/themes/BLS_HaveFan_Theme/inc/ajax/custom-ajax.php on line 1333

2019-09-24T10:01:25+00:00 CRITICAL syntax error, unexpected ')' in /home/blsoftware/public_html/havefan/wp-content/themes/BLS_HaveFan_Theme/inc/ajax/custom-ajax.php on line 1333

2019-09-24T10:01:31+00:00 CRITICAL syntax error, unexpected ')' in /home/blsoftware/public_html/havefan/wp-content/themes/BLS_HaveFan_Theme/inc/ajax/custom-ajax.php on line 1333

2019-09-24T10:01:32+00:00 CRITICAL syntax error, unexpected ')' in /home/blsoftware/public_html/havefan/wp-content/themes/BLS_HaveFan_Theme/inc/ajax/custom-ajax.php on line 1333

2019-09-24T10:01:36+00:00 CRITICAL syntax error, unexpected ')' in /home/blsoftware/public_html/havefan/wp-content/themes/BLS_HaveFan_Theme/inc/ajax/custom-ajax.php on line 1333

2019-09-24T10:01:50+00:00 CRITICAL syntax error, unexpected ')' in /home/blsoftware/public_html/havefan/wp-content/themes/BLS_HaveFan_Theme/inc/ajax/custom-ajax.php on line 1333

2019-09-24T10:02:11+00:00 CRITICAL syntax error, unexpected ')' in /home/blsoftware/public_html/havefan/wp-content/themes/BLS_HaveFan_Theme/inc/ajax/custom-ajax.php on line 1333

2019-09-24T10:02:11+00:00 CRITICAL syntax error, unexpected ')' in /home/blsoftware/public_html/havefan/wp-content/themes/BLS_HaveFan_Theme/inc/ajax/custom-ajax.php on line 1333

2019-09-24T10:02:14+00:00 CRITICAL syntax error, unexpected ')' in /home/blsoftware/public_html/havefan/wp-content/themes/BLS_HaveFan_Theme/inc/ajax/custom-ajax.php on line 1333

2019-09-24T10:02:17+00:00 CRITICAL syntax error, unexpected ')' in /home/blsoftware/public_html/havefan/wp-content/themes/BLS_HaveFan_Theme/inc/ajax/custom-ajax.php on line 1333

2019-09-24T10:02:21+00:00 CRITICAL syntax error, unexpected ')' in /home/blsoftware/public_html/havefan/wp-content/themes/BLS_HaveFan_Theme/inc/ajax/custom-ajax.php on line 1333

2019-09-24T10:02:23+00:00 CRITICAL syntax error, unexpected ')' in /home/blsoftware/public_html/havefan/wp-content/themes/BLS_HaveFan_Theme/inc/ajax/custom-ajax.php on line 1333

2019-09-24T10:02:24+00:00 CRITICAL syntax error, unexpected ')' in /home/blsoftware/public_html/havefan/wp-content/themes/BLS_HaveFan_Theme/inc/ajax/custom-ajax.php on line 1333

2019-09-24T10:02:25+00:00 CRITICAL syntax error, unexpected ')' in /home/blsoftware/public_html/havefan/wp-content/themes/BLS_HaveFan_Theme/inc/ajax/custom-ajax.php on line 1333

2019-09-24T10:02:27+00:00 CRITICAL syntax error, unexpected ')' in /home/blsoftware/public_html/havefan/wp-content/themes/BLS_HaveFan_Theme/inc/ajax/custom-ajax.php on line 1333

2019-09-24T10:02:35+00:00 CRITICAL syntax error, unexpected ')' in /home/blsoftware/public_html/havefan/wp-content/themes/BLS_HaveFan_Theme/inc/ajax/custom-ajax.php on line 1333

2019-09-24T10:02:46+00:00 CRITICAL syntax error, unexpected '}', expecting end of file in /home/blsoftware/public_html/havefan/wp-content/themes/BLS_HaveFan_Theme/inc/ajax/custom-ajax.php on line 1430

2019-09-24T10:02:48+00:00 CRITICAL syntax error, unexpected '}', expecting end of file in /home/blsoftware/public_html/havefan/wp-content/themes/BLS_HaveFan_Theme/inc/ajax/custom-ajax.php on line 1430

2019-09-24T10:03:02+00:00 CRITICAL syntax error, unexpected '}', expecting end of file in /home/blsoftware/public_html/havefan/wp-content/themes/BLS_HaveFan_Theme/inc/ajax/custom-ajax.php on line 1430

2019-09-24T10:03:15+00:00 CRITICAL syntax error, unexpected '}', expecting end of file in /home/blsoftware/public_html/havefan/wp-content/themes/BLS_HaveFan_Theme/inc/ajax/custom-ajax.php on line 1430

2019-09-24T10:03:20+00:00 CRITICAL syntax error, unexpected '}', expecting end of file in /home/blsoftware/public_html/havefan/wp-content/themes/BLS_HaveFan_Theme/inc/ajax/custom-ajax.php on line 1430

2019-09-24T10:03:43+00:00 CRITICAL syntax error, unexpected ')' in /home/blsoftware/public_html/havefan/wp-content/themes/BLS_HaveFan_Theme/inc/ajax/custom-ajax.php on line 1333

2019-09-24T10:03:44+00:00 CRITICAL syntax error, unexpected ')' in /home/blsoftware/public_html/havefan/wp-content/themes/BLS_HaveFan_Theme/inc/ajax/custom-ajax.php on line 1333

2019-09-24T10:03:47+00:00 CRITICAL syntax error, unexpected ')' in /home/blsoftware/public_html/havefan/wp-content/themes/BLS_HaveFan_Theme/inc/ajax/custom-ajax.php on line 1333

2019-09-24T10:03:48+00:00 CRITICAL syntax error, unexpected ')' in /home/blsoftware/public_html/havefan/wp-content/themes/BLS_HaveFan_Theme/inc/ajax/custom-ajax.php on line 1333

2019-09-24T12:39:53+00:00 CRITICAL syntax error, unexpected ';', expecting ')' in /home/blsoftware/public_html/havefan/wp-content/themes/BLS_HaveFan_Theme/inc/ajax/custom-ajax.php on line 1518

2019-09-24T12:39:54+00:00 CRITICAL syntax error, unexpected ';', expecting ')' in /home/blsoftware/public_html/havefan/wp-content/themes/BLS_HaveFan_Theme/inc/ajax/custom-ajax.php on line 1518

2019-09-24T12:40:14+00:00 CRITICAL syntax error, unexpected ';', expecting ')' in /home/blsoftware/public_html/havefan/wp-content/themes/BLS_HaveFan_Theme/inc/ajax/custom-ajax.php on line 1518

2019-09-24T12:40:19+00:00 CRITICAL syntax error, unexpected ';', expecting ')' in /home/blsoftware/public_html/havefan/wp-content/themes/BLS_HaveFan_Theme/inc/ajax/custom-ajax.php on line 1518

2019-09-24T12:40:23+00:00 CRITICAL syntax error, unexpected ';', expecting ')' in /home/blsoftware/public_html/havefan/wp-content/themes/BLS_HaveFan_Theme/inc/ajax/custom-ajax.php on line 1518

2019-09-24T12:40:28+00:00 CRITICAL syntax error, unexpected ';', expecting ')' in /home/blsoftware/public_html/havefan/wp-content/themes/BLS_HaveFan_Theme/inc/ajax/custom-ajax.php on line 1518

2019-09-24T12:40:36+00:00 CRITICAL syntax error, unexpected ';', expecting ')' in /home/blsoftware/public_html/havefan/wp-content/themes/BLS_HaveFan_Theme/inc/ajax/custom-ajax.php on line 1518

2019-09-24T12:40:37+00:00 CRITICAL syntax error, unexpected ';', expecting ')' in /home/blsoftware/public_html/havefan/wp-content/themes/BLS_HaveFan_Theme/inc/ajax/custom-ajax.php on line 1518

2019-09-24T12:40:38+00:00 CRITICAL syntax error, unexpected ';', expecting ')' in /home/blsoftware/public_html/havefan/wp-content/themes/BLS_HaveFan_Theme/inc/ajax/custom-ajax.php on line 1518

2019-09-24T12:40:38+00:00 CRITICAL syntax error, unexpected ';', expecting ')' in /home/blsoftware/public_html/havefan/wp-content/themes/BLS_HaveFan_Theme/inc/ajax/custom-ajax.php on line 1518

2019-09-24T12:40:40+00:00 CRITICAL syntax error, unexpected ';', expecting ')' in /home/blsoftware/public_html/havefan/wp-content/themes/BLS_HaveFan_Theme/inc/ajax/custom-ajax.php on line 1518

2019-09-24T12:41:02+00:00 CRITICAL syntax error, unexpected ';', expecting ')' in /home/blsoftware/public_html/havefan/wp-content/themes/BLS_HaveFan_Theme/inc/ajax/custom-ajax.php on line 1518

2019-09-24T12:41:02+00:00 CRITICAL syntax error, unexpected ';', expecting ')' in /home/blsoftware/public_html/havefan/wp-content/themes/BLS_HaveFan_Theme/inc/ajax/custom-ajax.php on line 1518

2019-09-24T12:41:04+00:00 CRITICAL syntax error, unexpected ';', expecting ')' in /home/blsoftware/public_html/havefan/wp-content/themes/BLS_HaveFan_Theme/inc/ajax/custom-ajax.php on line 1518

2019-09-24T12:41:04+00:00 CRITICAL syntax error, unexpected ';', expecting ')' in /home/blsoftware/public_html/havefan/wp-content/themes/BLS_HaveFan_Theme/inc/ajax/custom-ajax.php on line 1518

2019-09-24T12:41:23+00:00 CRITICAL syntax error, unexpected ';', expecting ')' in /home/blsoftware/public_html/havefan/wp-content/themes/BLS_HaveFan_Theme/inc/ajax/custom-ajax.php on line 1518

2019-09-24T12:41:23+00:00 CRITICAL syntax error, unexpected ';', expecting ')' in /home/blsoftware/public_html/havefan/wp-content/themes/BLS_HaveFan_Theme/inc/ajax/custom-ajax.php on line 1518

2019-09-24T12:41:25+00:00 CRITICAL syntax error, unexpected ';', expecting ')' in /home/blsoftware/public_html/havefan/wp-content/themes/BLS_HaveFan_Theme/inc/ajax/custom-ajax.php on line 1518

2019-09-24T12:41:49+00:00 CRITICAL syntax error, unexpected ';', expecting ')' in /home/blsoftware/public_html/havefan/wp-content/themes/BLS_HaveFan_Theme/inc/ajax/custom-ajax.php on line 1518

2019-09-24T12:42:08+00:00 CRITICAL syntax error, unexpected ';', expecting ')' in /home/blsoftware/public_html/havefan/wp-content/themes/BLS_HaveFan_Theme/inc/ajax/custom-ajax.php on line 1518

2019-09-24T12:42:22+00:00 CRITICAL syntax error, unexpected ';', expecting ')' in /home/blsoftware/public_html/havefan/wp-content/themes/BLS_HaveFan_Theme/inc/ajax/custom-ajax.php on line 1518

2019-09-24T12:42:34+00:00 CRITICAL syntax error, unexpected ';', expecting ')' in /home/blsoftware/public_html/havefan/wp-content/themes/BLS_HaveFan_Theme/inc/ajax/custom-ajax.php on line 1518

2019-09-24T12:42:39+00:00 CRITICAL syntax error, unexpected ';', expecting ')' in /home/blsoftware/public_html/havefan/wp-content/themes/BLS_HaveFan_Theme/inc/ajax/custom-ajax.php on line 1518

2019-09-24T12:42:53+00:00 CRITICAL syntax error, unexpected ';', expecting ')' in /home/blsoftware/public_html/havefan/wp-content/themes/BLS_HaveFan_Theme/inc/ajax/custom-ajax.php on line 1518

2019-09-24T12:42:56+00:00 CRITICAL syntax error, unexpected ';', expecting ')' in /home/blsoftware/public_html/havefan/wp-content/themes/BLS_HaveFan_Theme/inc/ajax/custom-ajax.php on line 1518

2019-09-24T12:52:25+00:00 CRITICAL syntax error, unexpected '=>' (T_DOUBLE_ARROW) in /home/blsoftware/public_html/havefan/wp-content/themes/BLS_HaveFan_Theme/inc/ajax/custom-ajax.php on line 1570

2019-09-24T12:52:34+00:00 CRITICAL syntax error, unexpected '=>' (T_DOUBLE_ARROW) in /home/blsoftware/public_html/havefan/wp-content/themes/BLS_HaveFan_Theme/inc/ajax/custom-ajax.php on line 1570

2019-09-24T12:52:34+00:00 CRITICAL syntax error, unexpected '=>' (T_DOUBLE_ARROW) in /home/blsoftware/public_html/havefan/wp-content/themes/BLS_HaveFan_Theme/inc/ajax/custom-ajax.php on line 1570

2019-09-24T12:52:38+00:00 CRITICAL syntax error, unexpected '=>' (T_DOUBLE_ARROW) in /home/blsoftware/public_html/havefan/wp-content/themes/BLS_HaveFan_Theme/inc/ajax/custom-ajax.php on line 1570

2019-09-24T12:52:39+00:00 CRITICAL syntax error, unexpected '=>' (T_DOUBLE_ARROW) in /home/blsoftware/public_html/havefan/wp-content/themes/BLS_HaveFan_Theme/inc/ajax/custom-ajax.php on line 1570

2019-09-24T12:52:41+00:00 CRITICAL syntax error, unexpected '=>' (T_DOUBLE_ARROW) in /home/blsoftware/public_html/havefan/wp-content/themes/BLS_HaveFan_Theme/inc/ajax/custom-ajax.php on line 1570

2019-09-24T14:32:34+00:00 CRITICAL syntax error, unexpected ')' in /home/blsoftware/public_html/havefan/wp-content/themes/BLS_HaveFan_Theme/templates/front-event-calendar.php on line 60

2019-09-24T14:33:02+00:00 CRITICAL syntax error, unexpected ')' in /home/blsoftware/public_html/havefan/wp-content/themes/BLS_HaveFan_Theme/templates/front-event-calendar.php on line 60

2019-09-24T14:33:26+00:00 CRITICAL syntax error, unexpected ')' in /home/blsoftware/public_html/havefan/wp-content/themes/BLS_HaveFan_Theme/templates/front-event-calendar.php on line 60

2019-09-24T14:33:41+00:00 CRITICAL syntax error, unexpected ')' in /home/blsoftware/public_html/havefan/wp-content/themes/BLS_HaveFan_Theme/templates/front-event-calendar.php on line 60

2019-09-24T14:33:58+00:00 CRITICAL syntax error, unexpected ')' in /home/blsoftware/public_html/havefan/wp-content/themes/BLS_HaveFan_Theme/templates/front-event-calendar.php on line 60

