2019-09-30T08:57:19+00:00 CRITICAL Uncaught ArgumentCountError: Too few arguments to function add_action(), 1 passed in /home/blsoftware/public_html/havefan/wp-content/themes/BLS_HaveFan_Theme/inc/ajax/custom-ajax.php on line 1421 and at least 2 expected in /home/blsoftware/public_html/havefan/wp-includes/plugin.php:405
Stack trace:
#0 /home/blsoftware/public_html/havefan/wp-content/themes/BLS_HaveFan_Theme/inc/ajax/custom-ajax.php(1421): add_action('wp_ajax_get_hos...')
#1 /home/blsoftware/public_html/havefan/wp-content/themes/BLS_HaveFan_Theme/inc/child-init.php(3): require_once('/home/blsoftwar...')
#2 /home/blsoftware/public_html/havefan/wp-content/themes/BLS_HaveFan_Theme/functions.php(11): require_once('/home/blsoftwar...')
#3 /home/blsoftware/public_html/havefan/wp-settings.php(499): include('/home/blsoftwar...')
#4 /home/blsoftware/public_html/havefan/wp-config.php(179): require_once('/home/blsoftwar...')
#5 /home/blsoftware/public_html/havefan/wp-load.php(37): require_once('/home/blsoftwar...')
#6 /home/blsoftware/public_html/havefan/ in /home/blsoftware/public_html/havefan/wp-includes/plugin.php on line 405

2019-09-30T08:57:29+00:00 CRITICAL Uncaught ArgumentCountError: Too few arguments to function add_action(), 1 passed in /home/blsoftware/public_html/havefan/wp-content/themes/BLS_HaveFan_Theme/inc/ajax/custom-ajax.php on line 1421 and at least 2 expected in /home/blsoftware/public_html/havefan/wp-includes/plugin.php:405
Stack trace:
#0 /home/blsoftware/public_html/havefan/wp-content/themes/BLS_HaveFan_Theme/inc/ajax/custom-ajax.php(1421): add_action('wp_ajax_get_hos...')
#1 /home/blsoftware/public_html/havefan/wp-content/themes/BLS_HaveFan_Theme/inc/child-init.php(3): require_once('/home/blsoftwar...')
#2 /home/blsoftware/public_html/havefan/wp-content/themes/BLS_HaveFan_Theme/functions.php(11): require_once('/home/blsoftwar...')
#3 /home/blsoftware/public_html/havefan/wp-settings.php(499): include('/home/blsoftwar...')
#4 /home/blsoftware/public_html/havefan/wp-config.php(179): require_once('/home/blsoftwar...')
#5 /home/blsoftware/public_html/havefan/wp-load.php(37): require_once('/home/blsoftwar...')
#6 /home/blsoftware/public_html/havefan/ in /home/blsoftware/public_html/havefan/wp-includes/plugin.php on line 405

2019-09-30T08:57:44+00:00 CRITICAL Uncaught ArgumentCountError: Too few arguments to function add_action(), 1 passed in /home/blsoftware/public_html/havefan/wp-content/themes/BLS_HaveFan_Theme/inc/ajax/custom-ajax.php on line 1421 and at least 2 expected in /home/blsoftware/public_html/havefan/wp-includes/plugin.php:405
Stack trace:
#0 /home/blsoftware/public_html/havefan/wp-content/themes/BLS_HaveFan_Theme/inc/ajax/custom-ajax.php(1421): add_action('wp_ajax_get_hos...')
#1 /home/blsoftware/public_html/havefan/wp-content/themes/BLS_HaveFan_Theme/inc/child-init.php(3): require_once('/home/blsoftwar...')
#2 /home/blsoftware/public_html/havefan/wp-content/themes/BLS_HaveFan_Theme/functions.php(11): require_once('/home/blsoftwar...')
#3 /home/blsoftware/public_html/havefan/wp-settings.php(499): include('/home/blsoftwar...')
#4 /home/blsoftware/public_html/havefan/wp-config.php(179): require_once('/home/blsoftwar...')
#5 /home/blsoftware/public_html/havefan/wp-load.php(37): require_once('/home/blsoftwar...')
#6 /home/blsoftware/public_html/havefan/ in /home/blsoftware/public_html/havefan/wp-includes/plugin.php on line 405

2019-09-30T08:58:14+00:00 CRITICAL Uncaught ArgumentCountError: Too few arguments to function add_action(), 1 passed in /home/blsoftware/public_html/havefan/wp-content/themes/BLS_HaveFan_Theme/inc/ajax/custom-ajax.php on line 1421 and at least 2 expected in /home/blsoftware/public_html/havefan/wp-includes/plugin.php:405
Stack trace:
#0 /home/blsoftware/public_html/havefan/wp-content/themes/BLS_HaveFan_Theme/inc/ajax/custom-ajax.php(1421): add_action('wp_ajax_get_hos...')
#1 /home/blsoftware/public_html/havefan/wp-content/themes/BLS_HaveFan_Theme/inc/child-init.php(3): require_once('/home/blsoftwar...')
#2 /home/blsoftware/public_html/havefan/wp-content/themes/BLS_HaveFan_Theme/functions.php(11): require_once('/home/blsoftwar...')
#3 /home/blsoftware/public_html/havefan/wp-settings.php(499): include('/home/blsoftwar...')
#4 /home/blsoftware/public_html/havefan/wp-config.php(179): require_once('/home/blsoftwar...')
#5 /home/blsoftware/public_html/havefan/wp-load.php(37): require_once('/home/blsoftwar...')
#6 /home/blsoftware/public_html/havefan/ in /home/blsoftware/public_html/havefan/wp-includes/plugin.php on line 405

2019-09-30T08:58:19+00:00 CRITICAL Uncaught ArgumentCountError: Too few arguments to function add_action(), 1 passed in /home/blsoftware/public_html/havefan/wp-content/themes/BLS_HaveFan_Theme/inc/ajax/custom-ajax.php on line 1421 and at least 2 expected in /home/blsoftware/public_html/havefan/wp-includes/plugin.php:405
Stack trace:
#0 /home/blsoftware/public_html/havefan/wp-content/themes/BLS_HaveFan_Theme/inc/ajax/custom-ajax.php(1421): add_action('wp_ajax_get_hos...')
#1 /home/blsoftware/public_html/havefan/wp-content/themes/BLS_HaveFan_Theme/inc/child-init.php(3): require_once('/home/blsoftwar...')
#2 /home/blsoftware/public_html/havefan/wp-content/themes/BLS_HaveFan_Theme/functions.php(11): require_once('/home/blsoftwar...')
#3 /home/blsoftware/public_html/havefan/wp-settings.php(499): include('/home/blsoftwar...')
#4 /home/blsoftware/public_html/havefan/wp-config.php(179): require_once('/home/blsoftwar...')
#5 /home/blsoftware/public_html/havefan/wp-load.php(37): require_once('/home/blsoftwar...')
#6 /home/blsoftware/public_html/havefan/ in /home/blsoftware/public_html/havefan/wp-includes/plugin.php on line 405

2019-09-30T08:58:43+00:00 CRITICAL Uncaught ArgumentCountError: Too few arguments to function add_action(), 1 passed in /home/blsoftware/public_html/havefan/wp-content/themes/BLS_HaveFan_Theme/inc/ajax/custom-ajax.php on line 1421 and at least 2 expected in /home/blsoftware/public_html/havefan/wp-includes/plugin.php:405
Stack trace:
#0 /home/blsoftware/public_html/havefan/wp-content/themes/BLS_HaveFan_Theme/inc/ajax/custom-ajax.php(1421): add_action('wp_ajax_get_hos...')
#1 /home/blsoftware/public_html/havefan/wp-content/themes/BLS_HaveFan_Theme/inc/child-init.php(3): require_once('/home/blsoftwar...')
#2 /home/blsoftware/public_html/havefan/wp-content/themes/BLS_HaveFan_Theme/functions.php(11): require_once('/home/blsoftwar...')
#3 /home/blsoftware/public_html/havefan/wp-settings.php(499): include('/home/blsoftwar...')
#4 /home/blsoftware/public_html/havefan/wp-config.php(179): require_once('/home/blsoftwar...')
#5 /home/blsoftware/public_html/havefan/wp-load.php(37): require_once('/home/blsoftwar...')
#6 /home/blsoftware/public_html/havefan/ in /home/blsoftware/public_html/havefan/wp-includes/plugin.php on line 405

2019-09-30T08:58:59+00:00 CRITICAL Uncaught ArgumentCountError: Too few arguments to function add_action(), 1 passed in /home/blsoftware/public_html/havefan/wp-content/themes/BLS_HaveFan_Theme/inc/ajax/custom-ajax.php on line 1421 and at least 2 expected in /home/blsoftware/public_html/havefan/wp-includes/plugin.php:405
Stack trace:
#0 /home/blsoftware/public_html/havefan/wp-content/themes/BLS_HaveFan_Theme/inc/ajax/custom-ajax.php(1421): add_action('wp_ajax_get_hos...')
#1 /home/blsoftware/public_html/havefan/wp-content/themes/BLS_HaveFan_Theme/inc/child-init.php(3): require_once('/home/blsoftwar...')
#2 /home/blsoftware/public_html/havefan/wp-content/themes/BLS_HaveFan_Theme/functions.php(11): require_once('/home/blsoftwar...')
#3 /home/blsoftware/public_html/havefan/wp-settings.php(499): include('/home/blsoftwar...')
#4 /home/blsoftware/public_html/havefan/wp-config.php(179): require_once('/home/blsoftwar...')
#5 /home/blsoftware/public_html/havefan/wp-load.php(37): require_once('/home/blsoftwar...')
#6 /home/blsoftware/public_html/havefan/ in /home/blsoftware/public_html/havefan/wp-includes/plugin.php on line 405

2019-09-30T08:59:18+00:00 CRITICAL Uncaught ArgumentCountError: Too few arguments to function add_action(), 1 passed in /home/blsoftware/public_html/havefan/wp-content/themes/BLS_HaveFan_Theme/inc/ajax/custom-ajax.php on line 1421 and at least 2 expected in /home/blsoftware/public_html/havefan/wp-includes/plugin.php:405
Stack trace:
#0 /home/blsoftware/public_html/havefan/wp-content/themes/BLS_HaveFan_Theme/inc/ajax/custom-ajax.php(1421): add_action('wp_ajax_get_hos...')
#1 /home/blsoftware/public_html/havefan/wp-content/themes/BLS_HaveFan_Theme/inc/child-init.php(3): require_once('/home/blsoftwar...')
#2 /home/blsoftware/public_html/havefan/wp-content/themes/BLS_HaveFan_Theme/functions.php(11): require_once('/home/blsoftwar...')
#3 /home/blsoftware/public_html/havefan/wp-settings.php(499): include('/home/blsoftwar...')
#4 /home/blsoftware/public_html/havefan/wp-config.php(179): require_once('/home/blsoftwar...')
#5 /home/blsoftware/public_html/havefan/wp-load.php(37): require_once('/home/blsoftwar...')
#6 /home/blsoftware/public_html/havefan/ in /home/blsoftware/public_html/havefan/wp-includes/plugin.php on line 405

2019-09-30T08:59:42+00:00 CRITICAL Uncaught ArgumentCountError: Too few arguments to function add_action(), 1 passed in /home/blsoftware/public_html/havefan/wp-content/themes/BLS_HaveFan_Theme/inc/ajax/custom-ajax.php on line 1421 and at least 2 expected in /home/blsoftware/public_html/havefan/wp-includes/plugin.php:405
Stack trace:
#0 /home/blsoftware/public_html/havefan/wp-content/themes/BLS_HaveFan_Theme/inc/ajax/custom-ajax.php(1421): add_action('wp_ajax_get_hos...')
#1 /home/blsoftware/public_html/havefan/wp-content/themes/BLS_HaveFan_Theme/inc/child-init.php(3): require_once('/home/blsoftwar...')
#2 /home/blsoftware/public_html/havefan/wp-content/themes/BLS_HaveFan_Theme/functions.php(11): require_once('/home/blsoftwar...')
#3 /home/blsoftware/public_html/havefan/wp-settings.php(499): include('/home/blsoftwar...')
#4 /home/blsoftware/public_html/havefan/wp-config.php(179): require_once('/home/blsoftwar...')
#5 /home/blsoftware/public_html/havefan/wp-load.php(37): require_once('/home/blsoftwar...')
#6 /home/blsoftware/public_html/havefan/ in /home/blsoftware/public_html/havefan/wp-includes/plugin.php on line 405

2019-09-30T08:59:44+00:00 CRITICAL Uncaught ArgumentCountError: Too few arguments to function add_action(), 1 passed in /home/blsoftware/public_html/havefan/wp-content/themes/BLS_HaveFan_Theme/inc/ajax/custom-ajax.php on line 1421 and at least 2 expected in /home/blsoftware/public_html/havefan/wp-includes/plugin.php:405
Stack trace:
#0 /home/blsoftware/public_html/havefan/wp-content/themes/BLS_HaveFan_Theme/inc/ajax/custom-ajax.php(1421): add_action('wp_ajax_get_hos...')
#1 /home/blsoftware/public_html/havefan/wp-content/themes/BLS_HaveFan_Theme/inc/child-init.php(3): require_once('/home/blsoftwar...')
#2 /home/blsoftware/public_html/havefan/wp-content/themes/BLS_HaveFan_Theme/functions.php(11): require_once('/home/blsoftwar...')
#3 /home/blsoftware/public_html/havefan/wp-settings.php(499): include('/home/blsoftwar...')
#4 /home/blsoftware/public_html/havefan/wp-config.php(179): require_once('/home/blsoftwar...')
#5 /home/blsoftware/public_html/havefan/wp-load.php(37): require_once('/home/blsoftwar...')
#6 /home/blsoftware/public_html/havefan/ in /home/blsoftware/public_html/havefan/wp-includes/plugin.php on line 405

2019-09-30T09:00:18+00:00 CRITICAL Uncaught ArgumentCountError: Too few arguments to function add_action(), 1 passed in /home/blsoftware/public_html/havefan/wp-content/themes/BLS_HaveFan_Theme/inc/ajax/custom-ajax.php on line 1421 and at least 2 expected in /home/blsoftware/public_html/havefan/wp-includes/plugin.php:405
Stack trace:
#0 /home/blsoftware/public_html/havefan/wp-content/themes/BLS_HaveFan_Theme/inc/ajax/custom-ajax.php(1421): add_action('wp_ajax_get_hos...')
#1 /home/blsoftware/public_html/havefan/wp-content/themes/BLS_HaveFan_Theme/inc/child-init.php(3): require_once('/home/blsoftwar...')
#2 /home/blsoftware/public_html/havefan/wp-content/themes/BLS_HaveFan_Theme/functions.php(11): require_once('/home/blsoftwar...')
#3 /home/blsoftware/public_html/havefan/wp-settings.php(499): include('/home/blsoftwar...')
#4 /home/blsoftware/public_html/havefan/wp-config.php(179): require_once('/home/blsoftwar...')
#5 /home/blsoftware/public_html/havefan/wp-load.php(37): require_once('/home/blsoftwar...')
#6 /home/blsoftware/public_html/havefan/ in /home/blsoftware/public_html/havefan/wp-includes/plugin.php on line 405

2019-09-30T09:00:29+00:00 CRITICAL Uncaught ArgumentCountError: Too few arguments to function add_action(), 1 passed in /home/blsoftware/public_html/havefan/wp-content/themes/BLS_HaveFan_Theme/inc/ajax/custom-ajax.php on line 1421 and at least 2 expected in /home/blsoftware/public_html/havefan/wp-includes/plugin.php:405
Stack trace:
#0 /home/blsoftware/public_html/havefan/wp-content/themes/BLS_HaveFan_Theme/inc/ajax/custom-ajax.php(1421): add_action('wp_ajax_get_hos...')
#1 /home/blsoftware/public_html/havefan/wp-content/themes/BLS_HaveFan_Theme/inc/child-init.php(3): require_once('/home/blsoftwar...')
#2 /home/blsoftware/public_html/havefan/wp-content/themes/BLS_HaveFan_Theme/functions.php(11): require_once('/home/blsoftwar...')
#3 /home/blsoftware/public_html/havefan/wp-settings.php(499): include('/home/blsoftwar...')
#4 /home/blsoftware/public_html/havefan/wp-config.php(179): require_once('/home/blsoftwar...')
#5 /home/blsoftware/public_html/havefan/wp-load.php(37): require_once('/home/blsoftwar...')
#6 /home/blsoftware/public_html/havefan/ in /home/blsoftware/public_html/havefan/wp-includes/plugin.php on line 405

2019-09-30T09:00:41+00:00 CRITICAL Uncaught ArgumentCountError: Too few arguments to function add_action(), 1 passed in /home/blsoftware/public_html/havefan/wp-content/themes/BLS_HaveFan_Theme/inc/ajax/custom-ajax.php on line 1422 and at least 2 expected in /home/blsoftware/public_html/havefan/wp-includes/plugin.php:405
Stack trace:
#0 /home/blsoftware/public_html/havefan/wp-content/themes/BLS_HaveFan_Theme/inc/ajax/custom-ajax.php(1422): add_action('wp_ajax_get_hos...')
#1 /home/blsoftware/public_html/havefan/wp-content/themes/BLS_HaveFan_Theme/inc/child-init.php(3): require_once('/home/blsoftwar...')
#2 /home/blsoftware/public_html/havefan/wp-content/themes/BLS_HaveFan_Theme/functions.php(11): require_once('/home/blsoftwar...')
#3 /home/blsoftware/public_html/havefan/wp-settings.php(499): include('/home/blsoftwar...')
#4 /home/blsoftware/public_html/havefan/wp-config.php(179): require_once('/home/blsoftwar...')
#5 /home/blsoftware/public_html/havefan/wp-load.php(37): require_once('/home/blsoftwar...')
#6 /home/blsoftware/public_html/havefan/ in /home/blsoftware/public_html/havefan/wp-includes/plugin.php on line 405

2019-09-30T09:00:43+00:00 CRITICAL Uncaught ArgumentCountError: Too few arguments to function add_action(), 1 passed in /home/blsoftware/public_html/havefan/wp-content/themes/BLS_HaveFan_Theme/inc/ajax/custom-ajax.php on line 1422 and at least 2 expected in /home/blsoftware/public_html/havefan/wp-includes/plugin.php:405
Stack trace:
#0 /home/blsoftware/public_html/havefan/wp-content/themes/BLS_HaveFan_Theme/inc/ajax/custom-ajax.php(1422): add_action('wp_ajax_get_hos...')
#1 /home/blsoftware/public_html/havefan/wp-content/themes/BLS_HaveFan_Theme/inc/child-init.php(3): require_once('/home/blsoftwar...')
#2 /home/blsoftware/public_html/havefan/wp-content/themes/BLS_HaveFan_Theme/functions.php(11): require_once('/home/blsoftwar...')
#3 /home/blsoftware/public_html/havefan/wp-settings.php(499): include('/home/blsoftwar...')
#4 /home/blsoftware/public_html/havefan/wp-config.php(179): require_once('/home/blsoftwar...')
#5 /home/blsoftware/public_html/havefan/wp-load.php(37): require_once('/home/blsoftwar...')
#6 /home/blsoftware/public_html/havefan/ in /home/blsoftware/public_html/havefan/wp-includes/plugin.php on line 405

2019-09-30T09:06:41+00:00 CRITICAL syntax error, unexpected '=>' (T_DOUBLE_ARROW), expecting ',' or ')' in /home/blsoftware/public_html/havefan/wp-content/themes/BLS_HaveFan_Theme/inc/ajax/custom-ajax.php on line 1425

2019-09-30T09:06:53+00:00 CRITICAL syntax error, unexpected '=>' (T_DOUBLE_ARROW), expecting ',' or ')' in /home/blsoftware/public_html/havefan/wp-content/themes/BLS_HaveFan_Theme/inc/ajax/custom-ajax.php on line 1425

2019-09-30T09:07:17+00:00 CRITICAL syntax error, unexpected '=>' (T_DOUBLE_ARROW), expecting ',' or ')' in /home/blsoftware/public_html/havefan/wp-content/themes/BLS_HaveFan_Theme/inc/ajax/custom-ajax.php on line 1425

2019-09-30T09:07:18+00:00 CRITICAL syntax error, unexpected '=>' (T_DOUBLE_ARROW), expecting ',' or ')' in /home/blsoftware/public_html/havefan/wp-content/themes/BLS_HaveFan_Theme/inc/ajax/custom-ajax.php on line 1425

2019-09-30T09:07:52+00:00 CRITICAL syntax error, unexpected '=>' (T_DOUBLE_ARROW), expecting ',' or ')' in /home/blsoftware/public_html/havefan/wp-content/themes/BLS_HaveFan_Theme/inc/ajax/custom-ajax.php on line 1429

2019-09-30T09:08:17+00:00 CRITICAL syntax error, unexpected '=>' (T_DOUBLE_ARROW), expecting ',' or ')' in /home/blsoftware/public_html/havefan/wp-content/themes/BLS_HaveFan_Theme/inc/ajax/custom-ajax.php on line 1429

2019-09-30T09:08:23+00:00 CRITICAL syntax error, unexpected '=>' (T_DOUBLE_ARROW), expecting ',' or ')' in /home/blsoftware/public_html/havefan/wp-content/themes/BLS_HaveFan_Theme/inc/ajax/custom-ajax.php on line 1429

2019-09-30T09:09:08+00:00 CRITICAL syntax error, unexpected '=>' (T_DOUBLE_ARROW), expecting ',' or ')' in /home/blsoftware/public_html/havefan/wp-content/themes/BLS_HaveFan_Theme/inc/ajax/custom-ajax.php on line 1429

2019-09-30T09:09:16+00:00 CRITICAL syntax error, unexpected '=>' (T_DOUBLE_ARROW), expecting ',' or ')' in /home/blsoftware/public_html/havefan/wp-content/themes/BLS_HaveFan_Theme/inc/ajax/custom-ajax.php on line 1429

2019-09-30T09:09:22+00:00 CRITICAL syntax error, unexpected '=>' (T_DOUBLE_ARROW), expecting ',' or ')' in /home/blsoftware/public_html/havefan/wp-content/themes/BLS_HaveFan_Theme/inc/ajax/custom-ajax.php on line 1430

2019-09-30T09:09:53+00:00 CRITICAL syntax error, unexpected '=>' (T_DOUBLE_ARROW), expecting ',' or ')' in /home/blsoftware/public_html/havefan/wp-content/themes/BLS_HaveFan_Theme/inc/ajax/custom-ajax.php on line 1430

2019-09-30T11:50:52+00:00 CRITICAL syntax error, unexpected 'echo' (T_ECHO) in /home/blsoftware/public_html/havefan/wp-content/themes/BLS_HaveFan_Theme/inc/ajax/custom-ajax.php on line 1307

2019-09-30T11:50:53+00:00 CRITICAL syntax error, unexpected 'echo' (T_ECHO) in /home/blsoftware/public_html/havefan/wp-content/themes/BLS_HaveFan_Theme/inc/ajax/custom-ajax.php on line 1307

2019-09-30T11:50:56+00:00 CRITICAL syntax error, unexpected 'echo' (T_ECHO) in /home/blsoftware/public_html/havefan/wp-content/themes/BLS_HaveFan_Theme/inc/ajax/custom-ajax.php on line 1307

2019-09-30T11:57:13+00:00 CRITICAL syntax error, unexpected ';', expecting ',' or ')' in /home/blsoftware/public_html/havefan/wp-content/themes/BLS_HaveFan_Theme/inc/ajax/custom-ajax.php on line 1307

2019-09-30T11:57:23+00:00 CRITICAL syntax error, unexpected ';', expecting ',' or ')' in /home/blsoftware/public_html/havefan/wp-content/themes/BLS_HaveFan_Theme/inc/ajax/custom-ajax.php on line 1307

2019-09-30T11:57:49+00:00 CRITICAL syntax error, unexpected ';', expecting ',' or ')' in /home/blsoftware/public_html/havefan/wp-content/themes/BLS_HaveFan_Theme/inc/ajax/custom-ajax.php on line 1307

2019-09-30T11:57:54+00:00 CRITICAL syntax error, unexpected ';', expecting ',' or ')' in /home/blsoftware/public_html/havefan/wp-content/themes/BLS_HaveFan_Theme/inc/ajax/custom-ajax.php on line 1307

2019-09-30T12:00:47+00:00 CRITICAL syntax error, unexpected ''restricti' (T_ENCAPSED_AND_WHITESPACE), expecting ']' in /home/blsoftware/public_html/havefan/wp-content/themes/BLS_HaveFan_Theme/inc/ajax/custom-ajax.php on line 932

