2019-09-12T04:45:30+00:00 CRITICAL syntax error, unexpected '*', expecting end of file in /home/blsoftware/public_html/havefan/wp-content/plugins/ultimate-member/includes/core/um-actions-profile.php on line 1

2019-09-12T04:45:34+00:00 CRITICAL syntax error, unexpected '*', expecting end of file in /home/blsoftware/public_html/havefan/wp-content/plugins/ultimate-member/includes/core/um-actions-profile.php on line 1

2019-09-12T04:45:43+00:00 CRITICAL syntax error, unexpected '*', expecting end of file in /home/blsoftware/public_html/havefan/wp-content/plugins/ultimate-member/includes/core/um-actions-profile.php on line 1

2019-09-12T04:45:50+00:00 CRITICAL syntax error, unexpected '*', expecting end of file in /home/blsoftware/public_html/havefan/wp-content/plugins/ultimate-member/includes/core/um-actions-profile.php on line 1

2019-09-12T04:45:53+00:00 CRITICAL syntax error, unexpected '*', expecting end of file in /home/blsoftware/public_html/havefan/wp-content/plugins/ultimate-member/includes/core/um-actions-profile.php on line 1

2019-09-12T04:45:57+00:00 CRITICAL syntax error, unexpected '*', expecting end of file in /home/blsoftware/public_html/havefan/wp-content/plugins/ultimate-member/includes/core/um-actions-profile.php on line 1

2019-09-12T04:46:05+00:00 CRITICAL syntax error, unexpected '*', expecting end of file in /home/blsoftware/public_html/havefan/wp-content/plugins/ultimate-member/includes/core/um-actions-profile.php on line 1

2019-09-12T04:46:07+00:00 CRITICAL syntax error, unexpected '*', expecting end of file in /home/blsoftware/public_html/havefan/wp-content/plugins/ultimate-member/includes/core/um-actions-profile.php on line 1

2019-09-12T04:46:09+00:00 CRITICAL syntax error, unexpected '*', expecting end of file in /home/blsoftware/public_html/havefan/wp-content/plugins/ultimate-member/includes/core/um-actions-profile.php on line 1

2019-09-12T04:46:23+00:00 CRITICAL syntax error, unexpected '*', expecting end of file in /home/blsoftware/public_html/havefan/wp-content/plugins/ultimate-member/includes/core/um-actions-profile.php on line 1

2019-09-12T04:46:28+00:00 CRITICAL syntax error, unexpected '*', expecting end of file in /home/blsoftware/public_html/havefan/wp-content/plugins/ultimate-member/includes/core/um-actions-profile.php on line 1

2019-09-12T04:46:42+00:00 CRITICAL syntax error, unexpected '*', expecting end of file in /home/blsoftware/public_html/havefan/wp-content/plugins/ultimate-member/includes/core/um-actions-profile.php on line 1

2019-09-12T04:46:53+00:00 CRITICAL syntax error, unexpected '*', expecting end of file in /home/blsoftware/public_html/havefan/wp-content/plugins/ultimate-member/includes/core/um-actions-profile.php on line 1

2019-09-12T04:47:08+00:00 CRITICAL syntax error, unexpected '*', expecting end of file in /home/blsoftware/public_html/havefan/wp-content/plugins/ultimate-member/includes/core/um-actions-profile.php on line 1

2019-09-12T04:47:13+00:00 CRITICAL syntax error, unexpected '*', expecting end of file in /home/blsoftware/public_html/havefan/wp-content/plugins/ultimate-member/includes/core/um-actions-profile.php on line 1

2019-09-12T04:47:20+00:00 CRITICAL syntax error, unexpected '*', expecting end of file in /home/blsoftware/public_html/havefan/wp-content/plugins/ultimate-member/includes/core/um-actions-profile.php on line 1

2019-09-12T04:47:22+00:00 CRITICAL syntax error, unexpected '*', expecting end of file in /home/blsoftware/public_html/havefan/wp-content/plugins/ultimate-member/includes/core/um-actions-profile.php on line 1

2019-09-12T04:47:27+00:00 CRITICAL syntax error, unexpected '*', expecting end of file in /home/blsoftware/public_html/havefan/wp-content/plugins/ultimate-member/includes/core/um-actions-profile.php on line 1

2019-09-12T04:47:53+00:00 CRITICAL syntax error, unexpected '*', expecting end of file in /home/blsoftware/public_html/havefan/wp-content/plugins/ultimate-member/includes/core/um-actions-profile.php on line 1

2019-09-12T04:47:58+00:00 CRITICAL syntax error, unexpected '*', expecting end of file in /home/blsoftware/public_html/havefan/wp-content/plugins/ultimate-member/includes/core/um-actions-profile.php on line 1

2019-09-12T04:48:05+00:00 CRITICAL syntax error, unexpected '*', expecting end of file in /home/blsoftware/public_html/havefan/wp-content/plugins/ultimate-member/includes/core/um-actions-profile.php on line 1

2019-09-12T04:48:07+00:00 CRITICAL syntax error, unexpected '*', expecting end of file in /home/blsoftware/public_html/havefan/wp-content/plugins/ultimate-member/includes/core/um-actions-profile.php on line 1

2019-09-12T04:48:12+00:00 CRITICAL syntax error, unexpected '*', expecting end of file in /home/blsoftware/public_html/havefan/wp-content/plugins/ultimate-member/includes/core/um-actions-profile.php on line 1

2019-09-12T04:48:21+00:00 CRITICAL syntax error, unexpected '*', expecting end of file in /home/blsoftware/public_html/havefan/wp-content/plugins/ultimate-member/includes/core/um-actions-profile.php on line 1

2019-09-12T04:48:38+00:00 CRITICAL syntax error, unexpected '*', expecting end of file in /home/blsoftware/public_html/havefan/wp-content/plugins/ultimate-member/includes/core/um-actions-profile.php on line 1

2019-09-12T04:48:43+00:00 CRITICAL syntax error, unexpected '*', expecting end of file in /home/blsoftware/public_html/havefan/wp-content/plugins/ultimate-member/includes/core/um-actions-profile.php on line 1

2019-09-12T04:48:57+00:00 CRITICAL syntax error, unexpected '*', expecting end of file in /home/blsoftware/public_html/havefan/wp-content/plugins/ultimate-member/includes/core/um-actions-profile.php on line 1

2019-09-12T04:49:07+00:00 CRITICAL syntax error, unexpected '*', expecting end of file in /home/blsoftware/public_html/havefan/wp-content/plugins/ultimate-member/includes/core/um-actions-profile.php on line 1

2019-09-12T04:49:20+00:00 CRITICAL syntax error, unexpected '*', expecting end of file in /home/blsoftware/public_html/havefan/wp-content/plugins/ultimate-member/includes/core/um-actions-profile.php on line 1

2019-09-12T04:49:28+00:00 CRITICAL syntax error, unexpected '*', expecting end of file in /home/blsoftware/public_html/havefan/wp-content/plugins/ultimate-member/includes/core/um-actions-profile.php on line 1

2019-09-12T04:49:31+00:00 CRITICAL syntax error, unexpected '*', expecting end of file in /home/blsoftware/public_html/havefan/wp-content/plugins/ultimate-member/includes/core/um-actions-profile.php on line 1

2019-09-12T04:49:32+00:00 CRITICAL syntax error, unexpected '*', expecting end of file in /home/blsoftware/public_html/havefan/wp-content/plugins/ultimate-member/includes/core/um-actions-profile.php on line 1

2019-09-12T04:50:06+00:00 CRITICAL syntax error, unexpected '*', expecting end of file in /home/blsoftware/public_html/havefan/wp-content/plugins/ultimate-member/includes/core/um-actions-profile.php on line 1

2019-09-12T04:50:07+00:00 CRITICAL syntax error, unexpected '*', expecting end of file in /home/blsoftware/public_html/havefan/wp-content/plugins/ultimate-member/includes/core/um-actions-profile.php on line 1

2019-09-12T04:50:13+00:00 CRITICAL syntax error, unexpected '*', expecting end of file in /home/blsoftware/public_html/havefan/wp-content/plugins/ultimate-member/includes/core/um-actions-profile.php on line 1

2019-09-12T04:50:31+00:00 CRITICAL syntax error, unexpected '*', expecting end of file in /home/blsoftware/public_html/havefan/wp-content/plugins/ultimate-member/includes/core/um-actions-profile.php on line 1

2019-09-12T04:50:58+00:00 CRITICAL syntax error, unexpected '*', expecting end of file in /home/blsoftware/public_html/havefan/wp-content/plugins/ultimate-member/includes/core/um-actions-profile.php on line 1

2019-09-12T04:51:06+00:00 CRITICAL syntax error, unexpected '*', expecting end of file in /home/blsoftware/public_html/havefan/wp-content/plugins/ultimate-member/includes/core/um-actions-profile.php on line 1

2019-09-12T04:51:27+00:00 CRITICAL syntax error, unexpected '*', expecting end of file in /home/blsoftware/public_html/havefan/wp-content/plugins/ultimate-member/includes/core/um-actions-profile.php on line 1

2019-09-12T04:51:43+00:00 CRITICAL syntax error, unexpected '*', expecting end of file in /home/blsoftware/public_html/havefan/wp-content/plugins/ultimate-member/includes/core/um-actions-profile.php on line 1

2019-09-12T04:51:57+00:00 CRITICAL syntax error, unexpected '*', expecting end of file in /home/blsoftware/public_html/havefan/wp-content/plugins/ultimate-member/includes/core/um-actions-profile.php on line 1

2019-09-12T04:52:05+00:00 CRITICAL syntax error, unexpected '*', expecting end of file in /home/blsoftware/public_html/havefan/wp-content/plugins/ultimate-member/includes/core/um-actions-profile.php on line 1

2019-09-12T04:52:06+00:00 CRITICAL syntax error, unexpected '*', expecting end of file in /home/blsoftware/public_html/havefan/wp-content/plugins/ultimate-member/includes/core/um-actions-profile.php on line 1

2019-09-12T04:52:28+00:00 CRITICAL syntax error, unexpected '*', expecting end of file in /home/blsoftware/public_html/havefan/wp-content/plugins/ultimate-member/includes/core/um-actions-profile.php on line 1

2019-09-12T04:52:46+00:00 CRITICAL syntax error, unexpected '*', expecting end of file in /home/blsoftware/public_html/havefan/wp-content/plugins/ultimate-member/includes/core/um-actions-profile.php on line 1

2019-09-12T04:52:56+00:00 CRITICAL syntax error, unexpected '*', expecting end of file in /home/blsoftware/public_html/havefan/wp-content/plugins/ultimate-member/includes/core/um-actions-profile.php on line 1

2019-09-12T04:52:56+00:00 CRITICAL syntax error, unexpected '*', expecting end of file in /home/blsoftware/public_html/havefan/wp-content/plugins/ultimate-member/includes/core/um-actions-profile.php on line 1

2019-09-12T04:52:57+00:00 CRITICAL syntax error, unexpected '*', expecting end of file in /home/blsoftware/public_html/havefan/wp-content/plugins/ultimate-member/includes/core/um-actions-profile.php on line 1

2019-09-12T04:53:05+00:00 CRITICAL syntax error, unexpected '*', expecting end of file in /home/blsoftware/public_html/havefan/wp-content/plugins/ultimate-member/includes/core/um-actions-profile.php on line 1

2019-09-12T04:53:13+00:00 CRITICAL syntax error, unexpected '*', expecting end of file in /home/blsoftware/public_html/havefan/wp-content/plugins/ultimate-member/includes/core/um-actions-profile.php on line 1

2019-09-12T04:53:58+00:00 CRITICAL syntax error, unexpected '*', expecting end of file in /home/blsoftware/public_html/havefan/wp-content/plugins/ultimate-member/includes/core/um-actions-profile.php on line 1

2019-09-12T04:53:58+00:00 CRITICAL syntax error, unexpected '*', expecting end of file in /home/blsoftware/public_html/havefan/wp-content/plugins/ultimate-member/includes/core/um-actions-profile.php on line 1

2019-09-12T04:54:05+00:00 CRITICAL syntax error, unexpected '*', expecting end of file in /home/blsoftware/public_html/havefan/wp-content/plugins/ultimate-member/includes/core/um-actions-profile.php on line 1

2019-09-12T04:54:06+00:00 CRITICAL syntax error, unexpected '*', expecting end of file in /home/blsoftware/public_html/havefan/wp-content/plugins/ultimate-member/includes/core/um-actions-profile.php on line 1

2019-09-12T04:54:28+00:00 CRITICAL require_once(): Failed opening required 'core/um-actions-profile.php' (include_path='.:/opt/cpanel/ea-php72/root/usr/share/pear') in /home/blsoftware/public_html/havefan/wp-content/plugins/ultimate-member/includes/class-init.php on line 1439

2019-09-12T04:54:43+00:00 CRITICAL require_once(): Failed opening required 'core/um-actions-profile.php' (include_path='.:/opt/cpanel/ea-php72/root/usr/share/pear') in /home/blsoftware/public_html/havefan/wp-content/plugins/ultimate-member/includes/class-init.php on line 1439

2019-09-12T04:55:04+00:00 CRITICAL syntax error, unexpected '*', expecting end of file in /home/blsoftware/public_html/havefan/wp-content/plugins/ultimate-member/includes/core/um-actions-profile.php on line 1

2019-09-12T04:55:09+00:00 CRITICAL syntax error, unexpected '*', expecting end of file in /home/blsoftware/public_html/havefan/wp-content/plugins/ultimate-member/includes/core/um-actions-profile.php on line 1

2019-09-12T04:55:10+00:00 CRITICAL syntax error, unexpected '*', expecting end of file in /home/blsoftware/public_html/havefan/wp-content/plugins/ultimate-member/includes/core/um-actions-profile.php on line 1

2019-09-12T04:55:11+00:00 CRITICAL syntax error, unexpected '*', expecting end of file in /home/blsoftware/public_html/havefan/wp-content/plugins/ultimate-member/includes/core/um-actions-profile.php on line 1

2019-09-12T04:55:11+00:00 CRITICAL syntax error, unexpected '*', expecting end of file in /home/blsoftware/public_html/havefan/wp-content/plugins/ultimate-member/includes/core/um-actions-profile.php on line 1

2019-09-12T04:55:12+00:00 CRITICAL syntax error, unexpected '*', expecting end of file in /home/blsoftware/public_html/havefan/wp-content/plugins/ultimate-member/includes/core/um-actions-profile.php on line 1

2019-09-12T04:55:28+00:00 CRITICAL syntax error, unexpected '*', expecting end of file in /home/blsoftware/public_html/havefan/wp-content/plugins/ultimate-member/includes/core/um-actions-profile.php on line 1

2019-09-12T04:56:04+00:00 CRITICAL syntax error, unexpected '*', expecting end of file in /home/blsoftware/public_html/havefan/wp-content/plugins/ultimate-member/includes/core/um-actions-profile.php on line 1

2019-09-12T04:56:06+00:00 CRITICAL syntax error, unexpected '*', expecting end of file in /home/blsoftware/public_html/havefan/wp-content/plugins/ultimate-member/includes/core/um-actions-profile.php on line 1

2019-09-12T04:56:13+00:00 CRITICAL syntax error, unexpected '*', expecting end of file in /home/blsoftware/public_html/havefan/wp-content/plugins/ultimate-member/includes/core/um-actions-profile.php on line 1

2019-09-12T04:56:32+00:00 CRITICAL syntax error, unexpected '*', expecting end of file in /home/blsoftware/public_html/havefan/wp-content/plugins/ultimate-member/includes/core/um-actions-profile.php on line 1

2019-09-12T04:56:58+00:00 CRITICAL syntax error, unexpected '*', expecting end of file in /home/blsoftware/public_html/havefan/wp-content/plugins/ultimate-member/includes/core/um-actions-profile.php on line 1

2019-09-12T04:57:03+00:00 CRITICAL syntax error, unexpected '*', expecting end of file in /home/blsoftware/public_html/havefan/wp-content/plugins/ultimate-member/includes/core/um-actions-profile.php on line 1

2019-09-12T04:57:32+00:00 CRITICAL syntax error, unexpected '*', expecting end of file in /home/blsoftware/public_html/havefan/wp-content/plugins/ultimate-member/includes/core/um-actions-profile.php on line 1

2019-09-12T04:57:38+00:00 CRITICAL syntax error, unexpected '*', expecting end of file in /home/blsoftware/public_html/havefan/wp-content/plugins/ultimate-member/includes/core/um-actions-profile.php on line 1

2019-09-12T04:57:38+00:00 CRITICAL syntax error, unexpected '*', expecting end of file in /home/blsoftware/public_html/havefan/wp-content/plugins/ultimate-member/includes/core/um-actions-profile.php on line 1

2019-09-12T04:57:39+00:00 CRITICAL syntax error, unexpected '*', expecting end of file in /home/blsoftware/public_html/havefan/wp-content/plugins/ultimate-member/includes/core/um-actions-profile.php on line 1

2019-09-12T04:58:12+00:00 CRITICAL syntax error, unexpected '*' in /home/blsoftware/public_html/havefan/wp-content/plugins/ultimate-member/includes/core/um-actions-profile.php on line 1

2019-09-12T04:58:28+00:00 CRITICAL syntax error, unexpected '}', expecting end of file in /home/blsoftware/public_html/havefan/wp-content/plugins/ultimate-member/includes/core/um-actions-profile.php on line 1

2019-09-12T04:58:28+00:00 CRITICAL syntax error, unexpected '}', expecting end of file in /home/blsoftware/public_html/havefan/wp-content/plugins/ultimate-member/includes/core/um-actions-profile.php on line 1

2019-09-12T04:59:02+00:00 CRITICAL syntax error, unexpected '}', expecting end of file in /home/blsoftware/public_html/havefan/wp-content/plugins/ultimate-member/includes/core/um-actions-profile.php on line 1

2019-09-12T04:59:13+00:00 CRITICAL syntax error, unexpected '}', expecting end of file in /home/blsoftware/public_html/havefan/wp-content/plugins/ultimate-member/includes/core/um-actions-profile.php on line 1

2019-09-12T04:59:16+00:00 CRITICAL syntax error, unexpected '}', expecting end of file in /home/blsoftware/public_html/havefan/wp-content/plugins/ultimate-member/includes/core/um-actions-profile.php on line 1

2019-09-12T04:59:52+00:00 CRITICAL syntax error, unexpected '*' in /home/blsoftware/public_html/havefan/wp-content/plugins/ultimate-member/includes/core/um-actions-profile.php on line 1

2019-09-12T04:59:58+00:00 CRITICAL syntax error, unexpected '*' in /home/blsoftware/public_html/havefan/wp-content/plugins/ultimate-member/includes/core/um-actions-profile.php on line 1

2019-09-12T05:00:02+00:00 CRITICAL syntax error, unexpected '*' in /home/blsoftware/public_html/havefan/wp-content/plugins/ultimate-member/includes/core/um-actions-profile.php on line 1

2019-09-12T05:00:06+00:00 CRITICAL syntax error, unexpected '*' in /home/blsoftware/public_html/havefan/wp-content/plugins/ultimate-member/includes/core/um-actions-profile.php on line 1

2019-09-12T05:00:09+00:00 CRITICAL syntax error, unexpected '*', expecting end of file in /home/blsoftware/public_html/havefan/wp-content/plugins/ultimate-member/includes/core/um-actions-profile.php on line 1

2019-09-12T05:00:43+00:00 CRITICAL syntax error, unexpected '*', expecting end of file in /home/blsoftware/public_html/havefan/wp-content/plugins/ultimate-member/includes/core/um-actions-profile.php on line 1

2019-09-12T05:01:02+00:00 CRITICAL syntax error, unexpected '*', expecting end of file in /home/blsoftware/public_html/havefan/wp-content/plugins/ultimate-member/includes/core/um-actions-profile.php on line 1

2019-09-12T05:01:28+00:00 CRITICAL syntax error, unexpected '*', expecting end of file in /home/blsoftware/public_html/havefan/wp-content/plugins/ultimate-member/includes/core/um-actions-profile.php on line 1

2019-09-12T05:01:46+00:00 CRITICAL syntax error, unexpected '*', expecting end of file in /home/blsoftware/public_html/havefan/wp-content/plugins/ultimate-member/includes/core/um-actions-profile.php on line 1

2019-09-12T05:01:58+00:00 CRITICAL syntax error, unexpected '*', expecting end of file in /home/blsoftware/public_html/havefan/wp-content/plugins/ultimate-member/includes/core/um-actions-profile.php on line 1

2019-09-12T05:02:02+00:00 CRITICAL syntax error, unexpected '*', expecting end of file in /home/blsoftware/public_html/havefan/wp-content/plugins/ultimate-member/includes/core/um-actions-profile.php on line 1

2019-09-12T05:02:06+00:00 CRITICAL syntax error, unexpected '*', expecting end of file in /home/blsoftware/public_html/havefan/wp-content/plugins/ultimate-member/includes/core/um-actions-profile.php on line 1

2019-09-12T05:02:13+00:00 CRITICAL syntax error, unexpected '*', expecting end of file in /home/blsoftware/public_html/havefan/wp-content/plugins/ultimate-member/includes/core/um-actions-profile.php on line 1

2019-09-12T05:02:58+00:00 CRITICAL syntax error, unexpected '*', expecting end of file in /home/blsoftware/public_html/havefan/wp-content/plugins/ultimate-member/includes/core/um-actions-profile.php on line 1

2019-09-12T05:03:02+00:00 CRITICAL syntax error, unexpected '*', expecting end of file in /home/blsoftware/public_html/havefan/wp-content/plugins/ultimate-member/includes/core/um-actions-profile.php on line 1

2019-09-12T05:03:43+00:00 CRITICAL syntax error, unexpected '*', expecting end of file in /home/blsoftware/public_html/havefan/wp-content/plugins/ultimate-member/includes/core/um-actions-profile.php on line 1

2019-09-12T05:24:48+00:00 CRITICAL Uncaught Error: Call to a member function is_type() on boolean in /home/blsoftware/public_html/havefan/wp-content/plugins/fooevents/classes/tickethelper.php:828
Stack trace:
#0 /home/blsoftware/public_html/havefan/wp-includes/class-wp-hook.php(286): FooEvents_Ticket_Helper->fetch_woocommerce_variations('')
#1 /home/blsoftware/public_html/havefan/wp-includes/class-wp-hook.php(310): WP_Hook->apply_filters('', Array)
#2 /home/blsoftware/public_html/havefan/wp-includes/plugin.php(465): WP_Hook->do_action(Array)
#3 /home/blsoftware/public_html/havefan/wp-admin/admin-ajax.php(173): do_action('wp_ajax_fetch_w...')
#4 {main}
  thrown in /home/blsoftware/public_html/havefan/wp-content/plugins/fooevents/classes/tickethelper.php on line 828

2019-09-12T06:07:15+00:00 CRITICAL Object of class stdClass could not be converted to string in /home/blsoftware/public_html/havefan/wp-content/themes/BLS_HaveFan_Theme/inc/ajax/custom-ajax.php on line 432

2019-09-12T10:35:02+00:00 CRITICAL syntax error, unexpected '".' data-val='"' (T_CONSTANT_ENCAPSED_STRING) in /home/blsoftware/public_html/havefan/wp-content/themes/BLS_HaveFan_Theme/inc/ajax/custom-ajax.php on line 47

2019-09-12T10:35:05+00:00 CRITICAL syntax error, unexpected '".' data-val='"' (T_CONSTANT_ENCAPSED_STRING) in /home/blsoftware/public_html/havefan/wp-content/themes/BLS_HaveFan_Theme/inc/ajax/custom-ajax.php on line 47

2019-09-12T10:35:08+00:00 CRITICAL syntax error, unexpected '".' data-val='"' (T_CONSTANT_ENCAPSED_STRING) in /home/blsoftware/public_html/havefan/wp-content/themes/BLS_HaveFan_Theme/inc/ajax/custom-ajax.php on line 47

2019-09-12T10:35:11+00:00 CRITICAL syntax error, unexpected '".' data-val='"' (T_CONSTANT_ENCAPSED_STRING) in /home/blsoftware/public_html/havefan/wp-content/themes/BLS_HaveFan_Theme/inc/ajax/custom-ajax.php on line 47

2019-09-12T10:35:13+00:00 CRITICAL syntax error, unexpected '".' data-val='"' (T_CONSTANT_ENCAPSED_STRING) in /home/blsoftware/public_html/havefan/wp-content/themes/BLS_HaveFan_Theme/inc/ajax/custom-ajax.php on line 47

2019-09-12T10:35:18+00:00 CRITICAL syntax error, unexpected '".' data-val='"' (T_CONSTANT_ENCAPSED_STRING) in /home/blsoftware/public_html/havefan/wp-content/themes/BLS_HaveFan_Theme/inc/ajax/custom-ajax.php on line 47

2019-09-12T10:35:25+00:00 CRITICAL syntax error, unexpected '".' data-val='"' (T_CONSTANT_ENCAPSED_STRING) in /home/blsoftware/public_html/havefan/wp-content/themes/BLS_HaveFan_Theme/inc/ajax/custom-ajax.php on line 47

2019-09-12T10:35:25+00:00 CRITICAL syntax error, unexpected '".' data-val='"' (T_CONSTANT_ENCAPSED_STRING) in /home/blsoftware/public_html/havefan/wp-content/themes/BLS_HaveFan_Theme/inc/ajax/custom-ajax.php on line 47

2019-09-12T10:35:34+00:00 CRITICAL syntax error, unexpected '".' data-val='"' (T_CONSTANT_ENCAPSED_STRING) in /home/blsoftware/public_html/havefan/wp-content/themes/BLS_HaveFan_Theme/inc/ajax/custom-ajax.php on line 47

2019-09-12T10:35:35+00:00 CRITICAL syntax error, unexpected end of file in /home/blsoftware/public_html/havefan/wp-content/themes/BLS_HaveFan_Theme/inc/ajax/custom-ajax.php on line 880

2019-09-12T10:35:37+00:00 CRITICAL syntax error, unexpected end of file in /home/blsoftware/public_html/havefan/wp-content/themes/BLS_HaveFan_Theme/inc/ajax/custom-ajax.php on line 880

2019-09-12T10:35:37+00:00 CRITICAL syntax error, unexpected end of file in /home/blsoftware/public_html/havefan/wp-content/themes/BLS_HaveFan_Theme/inc/ajax/custom-ajax.php on line 880

2019-09-12T10:35:41+00:00 CRITICAL syntax error, unexpected end of file in /home/blsoftware/public_html/havefan/wp-content/themes/BLS_HaveFan_Theme/inc/ajax/custom-ajax.php on line 880

2019-09-12T10:35:47+00:00 CRITICAL syntax error, unexpected end of file in /home/blsoftware/public_html/havefan/wp-content/themes/BLS_HaveFan_Theme/inc/ajax/custom-ajax.php on line 880

2019-09-12T10:35:54+00:00 CRITICAL syntax error, unexpected end of file in /home/blsoftware/public_html/havefan/wp-content/themes/BLS_HaveFan_Theme/inc/ajax/custom-ajax.php on line 880

2019-09-12T10:35:56+00:00 CRITICAL syntax error, unexpected end of file in /home/blsoftware/public_html/havefan/wp-content/themes/BLS_HaveFan_Theme/inc/ajax/custom-ajax.php on line 880

2019-09-12T10:35:58+00:00 CRITICAL syntax error, unexpected end of file in /home/blsoftware/public_html/havefan/wp-content/themes/BLS_HaveFan_Theme/inc/ajax/custom-ajax.php on line 880

2019-09-12T10:36:02+00:00 CRITICAL syntax error, unexpected end of file in /home/blsoftware/public_html/havefan/wp-content/themes/BLS_HaveFan_Theme/inc/ajax/custom-ajax.php on line 880

2019-09-12T10:36:03+00:00 CRITICAL syntax error, unexpected end of file in /home/blsoftware/public_html/havefan/wp-content/themes/BLS_HaveFan_Theme/inc/ajax/custom-ajax.php on line 880

2019-09-12T10:36:07+00:00 CRITICAL syntax error, unexpected end of file in /home/blsoftware/public_html/havefan/wp-content/themes/BLS_HaveFan_Theme/inc/ajax/custom-ajax.php on line 880

