2019-09-26T06:07:51+00:00 CRITICAL Uncaught Error: Call to undefined function um_theme_option_defaults() in /home/blsoftware/public_html/havefan/wp-content/themes/um-theme/header.php:3
Stack trace:
#0 /home/blsoftware/public_html/havefan/wp-includes/template.php(722): require_once()
#1 /home/blsoftware/public_html/havefan/wp-includes/template.php(671): load_template('/home/blsoftwar...', true)
#2 /home/blsoftware/public_html/havefan/wp-includes/general-template.php(41): locate_template(Array, true)
#3 /home/blsoftware/public_html/havefan/wp-content/themes/BLS_HaveFan_Theme/inc/component/become_a_host.php(5): get_header()
#4 /home/blsoftware/public_html/havefan/wp-content/themes/BLS_HaveFan_Theme/inc/child-init.php(14): require_once('/home/blsoftwar...')
#5 /home/blsoftware/public_html/havefan/wp-content/themes/BLS_HaveFan_Theme/functions.php(23): require_once('/home/blsoftwar...')
#6 /home/blsoftware/public_html/havefan/wp-settings.php(499): include('/home/blsoftwar...')
#7 /home/blsoftware/public_html/havefan/wp-config.php(179): require_once( in /home/blsoftware/public_html/havefan/wp-content/themes/um-theme/header.php on line 3

2019-09-26T06:08:36+00:00 CRITICAL Uncaught Error: Call to undefined function um_theme_option_defaults() in /home/blsoftware/public_html/havefan/wp-content/themes/um-theme/header.php:3
Stack trace:
#0 /home/blsoftware/public_html/havefan/wp-includes/template.php(722): require_once()
#1 /home/blsoftware/public_html/havefan/wp-includes/template.php(671): load_template('/home/blsoftwar...', true)
#2 /home/blsoftware/public_html/havefan/wp-includes/general-template.php(41): locate_template(Array, true)
#3 /home/blsoftware/public_html/havefan/wp-content/themes/BLS_HaveFan_Theme/inc/component/become_a_host.php(5): get_header()
#4 /home/blsoftware/public_html/havefan/wp-content/themes/BLS_HaveFan_Theme/inc/child-init.php(14): require_once('/home/blsoftwar...')
#5 /home/blsoftware/public_html/havefan/wp-content/themes/BLS_HaveFan_Theme/functions.php(23): require_once('/home/blsoftwar...')
#6 /home/blsoftware/public_html/havefan/wp-settings.php(499): include('/home/blsoftwar...')
#7 /home/blsoftware/public_html/havefan/wp-config.php(179): require_once( in /home/blsoftware/public_html/havefan/wp-content/themes/um-theme/header.php on line 3

2019-09-26T06:08:46+00:00 CRITICAL Uncaught Error: Call to undefined function um_theme_option_defaults() in /home/blsoftware/public_html/havefan/wp-content/themes/um-theme/header.php:3
Stack trace:
#0 /home/blsoftware/public_html/havefan/wp-includes/template.php(722): require_once()
#1 /home/blsoftware/public_html/havefan/wp-includes/template.php(671): load_template('/home/blsoftwar...', true)
#2 /home/blsoftware/public_html/havefan/wp-includes/general-template.php(41): locate_template(Array, true)
#3 /home/blsoftware/public_html/havefan/wp-content/themes/BLS_HaveFan_Theme/inc/component/become_a_host.php(5): get_header()
#4 /home/blsoftware/public_html/havefan/wp-content/themes/BLS_HaveFan_Theme/inc/child-init.php(14): require_once('/home/blsoftwar...')
#5 /home/blsoftware/public_html/havefan/wp-content/themes/BLS_HaveFan_Theme/functions.php(23): require_once('/home/blsoftwar...')
#6 /home/blsoftware/public_html/havefan/wp-settings.php(499): include('/home/blsoftwar...')
#7 /home/blsoftware/public_html/havefan/wp-config.php(179): require_once( in /home/blsoftware/public_html/havefan/wp-content/themes/um-theme/header.php on line 3

2019-09-26T06:08:56+00:00 CRITICAL Uncaught Error: Call to undefined function um_theme_option_defaults() in /home/blsoftware/public_html/havefan/wp-content/themes/um-theme/header.php:3
Stack trace:
#0 /home/blsoftware/public_html/havefan/wp-includes/template.php(722): require_once()
#1 /home/blsoftware/public_html/havefan/wp-includes/template.php(671): load_template('/home/blsoftwar...', true)
#2 /home/blsoftware/public_html/havefan/wp-includes/general-template.php(41): locate_template(Array, true)
#3 /home/blsoftware/public_html/havefan/wp-content/themes/BLS_HaveFan_Theme/inc/component/become_a_host.php(5): get_header()
#4 /home/blsoftware/public_html/havefan/wp-content/themes/BLS_HaveFan_Theme/inc/child-init.php(14): require_once('/home/blsoftwar...')
#5 /home/blsoftware/public_html/havefan/wp-content/themes/BLS_HaveFan_Theme/functions.php(23): require_once('/home/blsoftwar...')
#6 /home/blsoftware/public_html/havefan/wp-settings.php(499): include('/home/blsoftwar...')
#7 /home/blsoftware/public_html/havefan/wp-config.php(179): require_once( in /home/blsoftware/public_html/havefan/wp-content/themes/um-theme/header.php on line 3

2019-09-26T06:09:11+00:00 CRITICAL Uncaught Error: Call to undefined function um_theme_option_defaults() in /home/blsoftware/public_html/havefan/wp-content/themes/um-theme/header.php:3
Stack trace:
#0 /home/blsoftware/public_html/havefan/wp-includes/template.php(722): require_once()
#1 /home/blsoftware/public_html/havefan/wp-includes/template.php(671): load_template('/home/blsoftwar...', true)
#2 /home/blsoftware/public_html/havefan/wp-includes/general-template.php(41): locate_template(Array, true)
#3 /home/blsoftware/public_html/havefan/wp-content/themes/BLS_HaveFan_Theme/inc/component/become_a_host.php(5): get_header()
#4 /home/blsoftware/public_html/havefan/wp-content/themes/BLS_HaveFan_Theme/inc/child-init.php(14): require_once('/home/blsoftwar...')
#5 /home/blsoftware/public_html/havefan/wp-content/themes/BLS_HaveFan_Theme/functions.php(23): require_once('/home/blsoftwar...')
#6 /home/blsoftware/public_html/havefan/wp-settings.php(499): include('/home/blsoftwar...')
#7 /home/blsoftware/public_html/havefan/wp-config.php(179): require_once( in /home/blsoftware/public_html/havefan/wp-content/themes/um-theme/header.php on line 3

2019-09-26T06:09:21+00:00 CRITICAL Uncaught Error: Call to undefined function um_theme_option_defaults() in /home/blsoftware/public_html/havefan/wp-content/themes/um-theme/header.php:3
Stack trace:
#0 /home/blsoftware/public_html/havefan/wp-includes/template.php(722): require_once()
#1 /home/blsoftware/public_html/havefan/wp-includes/template.php(671): load_template('/home/blsoftwar...', true)
#2 /home/blsoftware/public_html/havefan/wp-includes/general-template.php(41): locate_template(Array, true)
#3 /home/blsoftware/public_html/havefan/wp-content/themes/BLS_HaveFan_Theme/inc/component/become_a_host.php(5): get_header()
#4 /home/blsoftware/public_html/havefan/wp-content/themes/BLS_HaveFan_Theme/inc/child-init.php(14): require_once('/home/blsoftwar...')
#5 /home/blsoftware/public_html/havefan/wp-content/themes/BLS_HaveFan_Theme/functions.php(23): require_once('/home/blsoftwar...')
#6 /home/blsoftware/public_html/havefan/wp-settings.php(499): include('/home/blsoftwar...')
#7 /home/blsoftware/public_html/havefan/wp-config.php(179): require_once( in /home/blsoftware/public_html/havefan/wp-content/themes/um-theme/header.php on line 3

2019-09-26T06:09:45+00:00 CRITICAL Uncaught Error: Call to undefined function um_theme_option_defaults() in /home/blsoftware/public_html/havefan/wp-content/themes/um-theme/header.php:3
Stack trace:
#0 /home/blsoftware/public_html/havefan/wp-includes/template.php(722): require_once()
#1 /home/blsoftware/public_html/havefan/wp-includes/template.php(671): load_template('/home/blsoftwar...', true)
#2 /home/blsoftware/public_html/havefan/wp-includes/general-template.php(41): locate_template(Array, true)
#3 /home/blsoftware/public_html/havefan/wp-content/themes/BLS_HaveFan_Theme/inc/component/become_a_host.php(5): get_header()
#4 /home/blsoftware/public_html/havefan/wp-content/themes/BLS_HaveFan_Theme/inc/child-init.php(14): require_once('/home/blsoftwar...')
#5 /home/blsoftware/public_html/havefan/wp-content/themes/BLS_HaveFan_Theme/functions.php(23): require_once('/home/blsoftwar...')
#6 /home/blsoftware/public_html/havefan/wp-settings.php(499): include('/home/blsoftwar...')
#7 /home/blsoftware/public_html/havefan/wp-config.php(179): require_once( in /home/blsoftware/public_html/havefan/wp-content/themes/um-theme/header.php on line 3

2019-09-26T06:10:06+00:00 CRITICAL Cannot redeclare default_hf_search_form() (previously declared in /home/blsoftware/public_html/havefan/wp-content/themes/BLS_HaveFan_Theme/inc/component/become_a_host.php:5) in /home/blsoftware/public_html/havefan/wp-content/themes/BLS_HaveFan_Theme/inc/classes/havefun_extra_option_in_services.php on line 64

2019-09-26T07:18:13+00:00 CRITICAL syntax error, unexpected 'endif' (T_ENDIF), expecting end of file in /home/blsoftware/public_html/havefan/wp-content/themes/BLS_HaveFan_Theme/inc/component/become_a_host.php on line 65

2019-09-26T07:18:13+00:00 CRITICAL syntax error, unexpected 'endif' (T_ENDIF), expecting end of file in /home/blsoftware/public_html/havefan/wp-content/themes/BLS_HaveFan_Theme/inc/component/become_a_host.php on line 65

2019-09-26T07:18:14+00:00 CRITICAL syntax error, unexpected 'endif' (T_ENDIF), expecting end of file in /home/blsoftware/public_html/havefan/wp-content/themes/BLS_HaveFan_Theme/inc/component/become_a_host.php on line 65

2019-09-26T07:18:25+00:00 CRITICAL syntax error, unexpected 'endif' (T_ENDIF), expecting end of file in /home/blsoftware/public_html/havefan/wp-content/themes/BLS_HaveFan_Theme/inc/component/become_a_host.php on line 65

2019-09-26T07:18:26+00:00 CRITICAL syntax error, unexpected 'endif' (T_ENDIF), expecting end of file in /home/blsoftware/public_html/havefan/wp-content/themes/BLS_HaveFan_Theme/inc/component/become_a_host.php on line 65

2019-09-26T10:36:52+00:00 CRITICAL syntax error, unexpected '}', expecting ',' or ';' in /home/blsoftware/public_html/havefan/wp-content/themes/BLS_HaveFan_Theme/inc/classes/havefun_extra_option_in_services.php on line 673

2019-09-26T10:36:55+00:00 CRITICAL syntax error, unexpected '}', expecting ',' or ';' in /home/blsoftware/public_html/havefan/wp-content/themes/BLS_HaveFan_Theme/inc/classes/havefun_extra_option_in_services.php on line 673

2019-09-26T10:36:57+00:00 CRITICAL syntax error, unexpected '}', expecting ',' or ';' in /home/blsoftware/public_html/havefan/wp-content/themes/BLS_HaveFan_Theme/inc/classes/havefun_extra_option_in_services.php on line 673

2019-09-26T10:36:58+00:00 CRITICAL syntax error, unexpected '}', expecting ',' or ';' in /home/blsoftware/public_html/havefan/wp-content/themes/BLS_HaveFan_Theme/inc/classes/havefun_extra_option_in_services.php on line 673

2019-09-26T10:36:59+00:00 CRITICAL syntax error, unexpected '}', expecting ',' or ';' in /home/blsoftware/public_html/havefan/wp-content/themes/BLS_HaveFan_Theme/inc/classes/havefun_extra_option_in_services.php on line 673

2019-09-26T10:37:00+00:00 CRITICAL syntax error, unexpected '}', expecting ',' or ';' in /home/blsoftware/public_html/havefan/wp-content/themes/BLS_HaveFan_Theme/inc/classes/havefun_extra_option_in_services.php on line 673

2019-09-26T10:37:01+00:00 CRITICAL syntax error, unexpected '}', expecting ',' or ';' in /home/blsoftware/public_html/havefan/wp-content/themes/BLS_HaveFan_Theme/inc/classes/havefun_extra_option_in_services.php on line 673

2019-09-26T10:37:03+00:00 CRITICAL syntax error, unexpected '}', expecting ',' or ';' in /home/blsoftware/public_html/havefan/wp-content/themes/BLS_HaveFan_Theme/inc/classes/havefun_extra_option_in_services.php on line 673

2019-09-26T10:37:03+00:00 CRITICAL syntax error, unexpected '}', expecting ',' or ';' in /home/blsoftware/public_html/havefan/wp-content/themes/BLS_HaveFan_Theme/inc/classes/havefun_extra_option_in_services.php on line 673

2019-09-26T10:37:05+00:00 CRITICAL syntax error, unexpected '}', expecting ',' or ';' in /home/blsoftware/public_html/havefan/wp-content/themes/BLS_HaveFan_Theme/inc/classes/havefun_extra_option_in_services.php on line 673

2019-09-26T10:37:07+00:00 CRITICAL syntax error, unexpected '}', expecting ',' or ';' in /home/blsoftware/public_html/havefan/wp-content/themes/BLS_HaveFan_Theme/inc/classes/havefun_extra_option_in_services.php on line 673

2019-09-26T10:37:11+00:00 CRITICAL syntax error, unexpected '}', expecting ',' or ';' in /home/blsoftware/public_html/havefan/wp-content/themes/BLS_HaveFan_Theme/inc/classes/havefun_extra_option_in_services.php on line 673

2019-09-26T10:37:13+00:00 CRITICAL syntax error, unexpected '}', expecting ',' or ';' in /home/blsoftware/public_html/havefan/wp-content/themes/BLS_HaveFan_Theme/inc/classes/havefun_extra_option_in_services.php on line 673

2019-09-26T10:37:15+00:00 CRITICAL syntax error, unexpected '}', expecting ',' or ';' in /home/blsoftware/public_html/havefan/wp-content/themes/BLS_HaveFan_Theme/inc/classes/havefun_extra_option_in_services.php on line 673

2019-09-26T10:37:15+00:00 CRITICAL syntax error, unexpected '}', expecting ',' or ';' in /home/blsoftware/public_html/havefan/wp-content/themes/BLS_HaveFan_Theme/inc/classes/havefun_extra_option_in_services.php on line 673

2019-09-26T10:37:20+00:00 CRITICAL syntax error, unexpected '}', expecting ',' or ';' in /home/blsoftware/public_html/havefan/wp-content/themes/BLS_HaveFan_Theme/inc/classes/havefun_extra_option_in_services.php on line 673

2019-09-26T10:37:24+00:00 CRITICAL syntax error, unexpected '}', expecting ',' or ';' in /home/blsoftware/public_html/havefan/wp-content/themes/BLS_HaveFan_Theme/inc/classes/havefun_extra_option_in_services.php on line 673

2019-09-26T10:37:28+00:00 CRITICAL syntax error, unexpected '}', expecting ',' or ';' in /home/blsoftware/public_html/havefan/wp-content/themes/BLS_HaveFan_Theme/inc/classes/havefun_extra_option_in_services.php on line 673

2019-09-26T10:37:29+00:00 CRITICAL syntax error, unexpected '}', expecting ',' or ';' in /home/blsoftware/public_html/havefan/wp-content/themes/BLS_HaveFan_Theme/inc/classes/havefun_extra_option_in_services.php on line 673

2019-09-26T10:37:33+00:00 CRITICAL syntax error, unexpected '}', expecting ',' or ';' in /home/blsoftware/public_html/havefan/wp-content/themes/BLS_HaveFan_Theme/inc/classes/havefun_extra_option_in_services.php on line 673

2019-09-26T10:37:35+00:00 CRITICAL syntax error, unexpected '}', expecting ',' or ';' in /home/blsoftware/public_html/havefan/wp-content/themes/BLS_HaveFan_Theme/inc/classes/havefun_extra_option_in_services.php on line 673

2019-09-26T10:37:37+00:00 CRITICAL syntax error, unexpected '}', expecting ',' or ';' in /home/blsoftware/public_html/havefan/wp-content/themes/BLS_HaveFan_Theme/inc/classes/havefun_extra_option_in_services.php on line 673

2019-09-26T10:37:42+00:00 CRITICAL syntax error, unexpected '}', expecting ',' or ';' in /home/blsoftware/public_html/havefan/wp-content/themes/BLS_HaveFan_Theme/inc/classes/havefun_extra_option_in_services.php on line 673

2019-09-26T10:37:45+00:00 CRITICAL syntax error, unexpected '}', expecting ',' or ';' in /home/blsoftware/public_html/havefan/wp-content/themes/BLS_HaveFan_Theme/inc/classes/havefun_extra_option_in_services.php on line 673

2019-09-26T10:37:48+00:00 CRITICAL syntax error, unexpected '}', expecting ',' or ';' in /home/blsoftware/public_html/havefan/wp-content/themes/BLS_HaveFan_Theme/inc/classes/havefun_extra_option_in_services.php on line 673

2019-09-26T10:37:55+00:00 CRITICAL syntax error, unexpected '}', expecting ',' or ';' in /home/blsoftware/public_html/havefan/wp-content/themes/BLS_HaveFan_Theme/inc/classes/havefun_extra_option_in_services.php on line 673

2019-09-26T10:37:56+00:00 CRITICAL syntax error, unexpected '}', expecting ',' or ';' in /home/blsoftware/public_html/havefan/wp-content/themes/BLS_HaveFan_Theme/inc/classes/havefun_extra_option_in_services.php on line 673

2019-09-26T10:37:56+00:00 CRITICAL syntax error, unexpected '}', expecting ',' or ';' in /home/blsoftware/public_html/havefan/wp-content/themes/BLS_HaveFan_Theme/inc/classes/havefun_extra_option_in_services.php on line 673

2019-09-26T10:37:57+00:00 CRITICAL syntax error, unexpected '}', expecting ',' or ';' in /home/blsoftware/public_html/havefan/wp-content/themes/BLS_HaveFan_Theme/inc/classes/havefun_extra_option_in_services.php on line 673

2019-09-26T10:37:58+00:00 CRITICAL syntax error, unexpected '}', expecting ',' or ';' in /home/blsoftware/public_html/havefan/wp-content/themes/BLS_HaveFan_Theme/inc/classes/havefun_extra_option_in_services.php on line 673

2019-09-26T10:37:59+00:00 CRITICAL syntax error, unexpected '}', expecting ',' or ';' in /home/blsoftware/public_html/havefan/wp-content/themes/BLS_HaveFan_Theme/inc/classes/havefun_extra_option_in_services.php on line 673

2019-09-26T10:38:00+00:00 CRITICAL syntax error, unexpected '}', expecting ',' or ';' in /home/blsoftware/public_html/havefan/wp-content/themes/BLS_HaveFan_Theme/inc/classes/havefun_extra_option_in_services.php on line 673

2019-09-26T10:38:00+00:00 CRITICAL syntax error, unexpected '}', expecting ',' or ';' in /home/blsoftware/public_html/havefan/wp-content/themes/BLS_HaveFan_Theme/inc/classes/havefun_extra_option_in_services.php on line 673

2019-09-26T10:38:05+00:00 CRITICAL syntax error, unexpected '}', expecting ',' or ';' in /home/blsoftware/public_html/havefan/wp-content/themes/BLS_HaveFan_Theme/inc/classes/havefun_extra_option_in_services.php on line 673

2019-09-26T10:38:05+00:00 CRITICAL syntax error, unexpected '}', expecting ',' or ';' in /home/blsoftware/public_html/havefan/wp-content/themes/BLS_HaveFan_Theme/inc/classes/havefun_extra_option_in_services.php on line 673

2019-09-26T10:38:06+00:00 CRITICAL syntax error, unexpected '}', expecting ',' or ';' in /home/blsoftware/public_html/havefan/wp-content/themes/BLS_HaveFan_Theme/inc/classes/havefun_extra_option_in_services.php on line 673

2019-09-26T10:38:10+00:00 CRITICAL syntax error, unexpected '}', expecting ',' or ';' in /home/blsoftware/public_html/havefan/wp-content/themes/BLS_HaveFan_Theme/inc/classes/havefun_extra_option_in_services.php on line 673

2019-09-26T10:38:13+00:00 CRITICAL syntax error, unexpected '}', expecting ',' or ';' in /home/blsoftware/public_html/havefan/wp-content/themes/BLS_HaveFan_Theme/inc/classes/havefun_extra_option_in_services.php on line 673

2019-09-26T10:38:14+00:00 CRITICAL syntax error, unexpected '}', expecting ',' or ';' in /home/blsoftware/public_html/havefan/wp-content/themes/BLS_HaveFan_Theme/inc/classes/havefun_extra_option_in_services.php on line 673

2019-09-26T10:38:15+00:00 CRITICAL syntax error, unexpected '}', expecting ',' or ';' in /home/blsoftware/public_html/havefan/wp-content/themes/BLS_HaveFan_Theme/inc/classes/havefun_extra_option_in_services.php on line 673

2019-09-26T10:38:18+00:00 CRITICAL syntax error, unexpected '}', expecting ',' or ';' in /home/blsoftware/public_html/havefan/wp-content/themes/BLS_HaveFan_Theme/inc/classes/havefun_extra_option_in_services.php on line 673

2019-09-26T10:38:20+00:00 CRITICAL syntax error, unexpected '}', expecting ',' or ';' in /home/blsoftware/public_html/havefan/wp-content/themes/BLS_HaveFan_Theme/inc/classes/havefun_extra_option_in_services.php on line 673

2019-09-26T10:38:20+00:00 CRITICAL syntax error, unexpected '}', expecting ',' or ';' in /home/blsoftware/public_html/havefan/wp-content/themes/BLS_HaveFan_Theme/inc/classes/havefun_extra_option_in_services.php on line 673

2019-09-26T10:38:23+00:00 CRITICAL syntax error, unexpected '}', expecting ',' or ';' in /home/blsoftware/public_html/havefan/wp-content/themes/BLS_HaveFan_Theme/inc/classes/havefun_extra_option_in_services.php on line 673

2019-09-26T11:28:53+00:00 CRITICAL syntax error, unexpected 'return' (T_RETURN) in /home/blsoftware/public_html/havefan/wp-content/themes/BLS_HaveFan_Theme/inc/classes/role_parmission_submit.php on line 86

2019-09-26T11:28:58+00:00 CRITICAL syntax error, unexpected 'return' (T_RETURN) in /home/blsoftware/public_html/havefan/wp-content/themes/BLS_HaveFan_Theme/inc/classes/role_parmission_submit.php on line 86

2019-09-26T11:29:00+00:00 CRITICAL syntax error, unexpected 'return' (T_RETURN) in /home/blsoftware/public_html/havefan/wp-content/themes/BLS_HaveFan_Theme/inc/classes/role_parmission_submit.php on line 86

2019-09-26T11:29:01+00:00 CRITICAL syntax error, unexpected 'return' (T_RETURN) in /home/blsoftware/public_html/havefan/wp-content/themes/BLS_HaveFan_Theme/inc/classes/role_parmission_submit.php on line 86

2019-09-26T11:29:06+00:00 CRITICAL syntax error, unexpected 'return' (T_RETURN) in /home/blsoftware/public_html/havefan/wp-content/themes/BLS_HaveFan_Theme/inc/classes/role_parmission_submit.php on line 86

2019-09-26T11:29:14+00:00 CRITICAL syntax error, unexpected 'return' (T_RETURN) in /home/blsoftware/public_html/havefan/wp-content/themes/BLS_HaveFan_Theme/inc/classes/role_parmission_submit.php on line 86

2019-09-26T11:29:14+00:00 CRITICAL syntax error, unexpected 'return' (T_RETURN) in /home/blsoftware/public_html/havefan/wp-content/themes/BLS_HaveFan_Theme/inc/classes/role_parmission_submit.php on line 86

2019-09-26T11:30:14+00:00 CRITICAL syntax error, unexpected ')' in /home/blsoftware/public_html/havefan/wp-content/themes/BLS_HaveFan_Theme/inc/classes/role_parmission_submit.php on line 82

2019-09-26T11:30:15+00:00 CRITICAL syntax error, unexpected ')' in /home/blsoftware/public_html/havefan/wp-content/themes/BLS_HaveFan_Theme/inc/classes/role_parmission_submit.php on line 82

2019-09-26T11:30:16+00:00 CRITICAL syntax error, unexpected ')' in /home/blsoftware/public_html/havefan/wp-content/themes/BLS_HaveFan_Theme/inc/classes/role_parmission_submit.php on line 82

2019-09-26T11:30:18+00:00 CRITICAL syntax error, unexpected ')' in /home/blsoftware/public_html/havefan/wp-content/themes/BLS_HaveFan_Theme/inc/classes/role_parmission_submit.php on line 82

2019-09-26T11:30:26+00:00 CRITICAL syntax error, unexpected ')' in /home/blsoftware/public_html/havefan/wp-content/themes/BLS_HaveFan_Theme/inc/classes/role_parmission_submit.php on line 82

2019-09-26T11:30:28+00:00 CRITICAL syntax error, unexpected ')' in /home/blsoftware/public_html/havefan/wp-content/themes/BLS_HaveFan_Theme/inc/classes/role_parmission_submit.php on line 82

2019-09-26T11:30:36+00:00 CRITICAL syntax error, unexpected ')' in /home/blsoftware/public_html/havefan/wp-content/themes/BLS_HaveFan_Theme/inc/classes/role_parmission_submit.php on line 82

2019-09-26T11:30:38+00:00 CRITICAL syntax error, unexpected ')' in /home/blsoftware/public_html/havefan/wp-content/themes/BLS_HaveFan_Theme/inc/classes/role_parmission_submit.php on line 82

2019-09-26T11:30:40+00:00 CRITICAL syntax error, unexpected ')' in /home/blsoftware/public_html/havefan/wp-content/themes/BLS_HaveFan_Theme/inc/classes/role_parmission_submit.php on line 82

2019-09-26T11:30:42+00:00 CRITICAL syntax error, unexpected ')' in /home/blsoftware/public_html/havefan/wp-content/themes/BLS_HaveFan_Theme/inc/classes/role_parmission_submit.php on line 82

2019-09-26T11:30:42+00:00 CRITICAL syntax error, unexpected ')' in /home/blsoftware/public_html/havefan/wp-content/themes/BLS_HaveFan_Theme/inc/classes/role_parmission_submit.php on line 82

2019-09-26T11:30:43+00:00 CRITICAL syntax error, unexpected ')' in /home/blsoftware/public_html/havefan/wp-content/themes/BLS_HaveFan_Theme/inc/classes/role_parmission_submit.php on line 82

2019-09-26T11:30:44+00:00 CRITICAL syntax error, unexpected ')' in /home/blsoftware/public_html/havefan/wp-content/themes/BLS_HaveFan_Theme/inc/classes/role_parmission_submit.php on line 82

2019-09-26T11:30:44+00:00 CRITICAL syntax error, unexpected ')' in /home/blsoftware/public_html/havefan/wp-content/themes/BLS_HaveFan_Theme/inc/classes/role_parmission_submit.php on line 82

2019-09-26T11:30:44+00:00 CRITICAL syntax error, unexpected ')' in /home/blsoftware/public_html/havefan/wp-content/themes/BLS_HaveFan_Theme/inc/classes/role_parmission_submit.php on line 82

2019-09-26T11:30:45+00:00 CRITICAL syntax error, unexpected ')' in /home/blsoftware/public_html/havefan/wp-content/themes/BLS_HaveFan_Theme/inc/classes/role_parmission_submit.php on line 82

2019-09-26T11:30:46+00:00 CRITICAL syntax error, unexpected ')' in /home/blsoftware/public_html/havefan/wp-content/themes/BLS_HaveFan_Theme/inc/classes/role_parmission_submit.php on line 82

2019-09-26T11:30:49+00:00 CRITICAL syntax error, unexpected ')' in /home/blsoftware/public_html/havefan/wp-content/themes/BLS_HaveFan_Theme/inc/classes/role_parmission_submit.php on line 82

2019-09-26T11:30:49+00:00 CRITICAL syntax error, unexpected ')' in /home/blsoftware/public_html/havefan/wp-content/themes/BLS_HaveFan_Theme/inc/classes/role_parmission_submit.php on line 82

2019-09-26T11:31:01+00:00 CRITICAL syntax error, unexpected ')' in /home/blsoftware/public_html/havefan/wp-content/themes/BLS_HaveFan_Theme/inc/classes/role_parmission_submit.php on line 82

2019-09-26T11:31:01+00:00 CRITICAL syntax error, unexpected ')' in /home/blsoftware/public_html/havefan/wp-content/themes/BLS_HaveFan_Theme/inc/classes/role_parmission_submit.php on line 82

2019-09-26T11:31:13+00:00 CRITICAL syntax error, unexpected ')' in /home/blsoftware/public_html/havefan/wp-content/themes/BLS_HaveFan_Theme/inc/classes/role_parmission_submit.php on line 82

2019-09-26T11:31:15+00:00 CRITICAL syntax error, unexpected ')' in /home/blsoftware/public_html/havefan/wp-content/themes/BLS_HaveFan_Theme/inc/classes/role_parmission_submit.php on line 82

2019-09-26T11:31:15+00:00 CRITICAL syntax error, unexpected ')' in /home/blsoftware/public_html/havefan/wp-content/themes/BLS_HaveFan_Theme/inc/classes/role_parmission_submit.php on line 82

2019-09-26T11:31:20+00:00 CRITICAL syntax error, unexpected ')' in /home/blsoftware/public_html/havefan/wp-content/themes/BLS_HaveFan_Theme/inc/classes/role_parmission_submit.php on line 82

2019-09-26T11:31:26+00:00 CRITICAL syntax error, unexpected ')' in /home/blsoftware/public_html/havefan/wp-content/themes/BLS_HaveFan_Theme/inc/classes/role_parmission_submit.php on line 82

2019-09-26T11:31:28+00:00 CRITICAL syntax error, unexpected ')' in /home/blsoftware/public_html/havefan/wp-content/themes/BLS_HaveFan_Theme/inc/classes/role_parmission_submit.php on line 82

2019-09-26T11:31:29+00:00 CRITICAL syntax error, unexpected ')' in /home/blsoftware/public_html/havefan/wp-content/themes/BLS_HaveFan_Theme/inc/classes/role_parmission_submit.php on line 82

2019-09-26T11:31:29+00:00 CRITICAL syntax error, unexpected ')' in /home/blsoftware/public_html/havefan/wp-content/themes/BLS_HaveFan_Theme/inc/classes/role_parmission_submit.php on line 82

2019-09-26T11:31:31+00:00 CRITICAL syntax error, unexpected ')' in /home/blsoftware/public_html/havefan/wp-content/themes/BLS_HaveFan_Theme/inc/classes/role_parmission_submit.php on line 82

2019-09-26T11:31:34+00:00 CRITICAL syntax error, unexpected ')' in /home/blsoftware/public_html/havefan/wp-content/themes/BLS_HaveFan_Theme/inc/classes/role_parmission_submit.php on line 82

2019-09-26T11:31:34+00:00 CRITICAL syntax error, unexpected ')' in /home/blsoftware/public_html/havefan/wp-content/themes/BLS_HaveFan_Theme/inc/classes/role_parmission_submit.php on line 82

2019-09-26T11:31:35+00:00 CRITICAL syntax error, unexpected ')' in /home/blsoftware/public_html/havefan/wp-content/themes/BLS_HaveFan_Theme/inc/classes/role_parmission_submit.php on line 82

2019-09-26T11:31:36+00:00 CRITICAL syntax error, unexpected ')' in /home/blsoftware/public_html/havefan/wp-content/themes/BLS_HaveFan_Theme/inc/classes/role_parmission_submit.php on line 82

2019-09-26T11:31:38+00:00 CRITICAL syntax error, unexpected ')' in /home/blsoftware/public_html/havefan/wp-content/themes/BLS_HaveFan_Theme/inc/classes/role_parmission_submit.php on line 82

2019-09-26T11:31:39+00:00 CRITICAL syntax error, unexpected ')' in /home/blsoftware/public_html/havefan/wp-content/themes/BLS_HaveFan_Theme/inc/classes/role_parmission_submit.php on line 82

2019-09-26T11:31:41+00:00 CRITICAL syntax error, unexpected ')' in /home/blsoftware/public_html/havefan/wp-content/themes/BLS_HaveFan_Theme/inc/classes/role_parmission_submit.php on line 82

2019-09-26T11:31:41+00:00 CRITICAL syntax error, unexpected ')' in /home/blsoftware/public_html/havefan/wp-content/themes/BLS_HaveFan_Theme/inc/classes/role_parmission_submit.php on line 82

2019-09-26T11:31:41+00:00 CRITICAL syntax error, unexpected ')' in /home/blsoftware/public_html/havefan/wp-content/themes/BLS_HaveFan_Theme/inc/classes/role_parmission_submit.php on line 82

2019-09-26T11:31:45+00:00 CRITICAL syntax error, unexpected ')' in /home/blsoftware/public_html/havefan/wp-content/themes/BLS_HaveFan_Theme/inc/classes/role_parmission_submit.php on line 82

2019-09-26T11:31:48+00:00 CRITICAL syntax error, unexpected ')' in /home/blsoftware/public_html/havefan/wp-content/themes/BLS_HaveFan_Theme/inc/classes/role_parmission_submit.php on line 82

2019-09-26T11:38:51+00:00 CRITICAL syntax error, unexpected '''' (T_CONSTANT_ENCAPSED_STRING) in /home/blsoftware/public_html/havefan/wp-content/themes/BLS_HaveFan_Theme/inc/classes/role_parmission_submit.php on line 82

2019-09-26T11:38:51+00:00 CRITICAL syntax error, unexpected '''' (T_CONSTANT_ENCAPSED_STRING) in /home/blsoftware/public_html/havefan/wp-content/themes/BLS_HaveFan_Theme/inc/classes/role_parmission_submit.php on line 82

2019-09-26T11:38:59+00:00 CRITICAL syntax error, unexpected '''' (T_CONSTANT_ENCAPSED_STRING) in /home/blsoftware/public_html/havefan/wp-content/themes/BLS_HaveFan_Theme/inc/classes/role_parmission_submit.php on line 82

2019-09-26T11:38:59+00:00 CRITICAL syntax error, unexpected '''' (T_CONSTANT_ENCAPSED_STRING) in /home/blsoftware/public_html/havefan/wp-content/themes/BLS_HaveFan_Theme/inc/classes/role_parmission_submit.php on line 82

2019-09-26T11:39:01+00:00 CRITICAL syntax error, unexpected '''' (T_CONSTANT_ENCAPSED_STRING) in /home/blsoftware/public_html/havefan/wp-content/themes/BLS_HaveFan_Theme/inc/classes/role_parmission_submit.php on line 82

2019-09-26T11:39:04+00:00 CRITICAL syntax error, unexpected '''' (T_CONSTANT_ENCAPSED_STRING) in /home/blsoftware/public_html/havefan/wp-content/themes/BLS_HaveFan_Theme/inc/classes/role_parmission_submit.php on line 82

2019-09-26T11:39:04+00:00 CRITICAL syntax error, unexpected '''' (T_CONSTANT_ENCAPSED_STRING) in /home/blsoftware/public_html/havefan/wp-content/themes/BLS_HaveFan_Theme/inc/classes/role_parmission_submit.php on line 82

